<?xml version="1.0" encoding="UTF-8" ?>
<testsuites name="Unit Tests" tests="233" failures="0" errors="0" time="5.7944119">
    <testsuite name="src/app/FormStepsComponent/form-steps.component.spec.ts" timestamp="2025-10-23T20:30:27.369Z" hostname="dingolandia" tests="51" failures="0" errors="0" skipped="0" time="0.0279705">
        <testcase classname="src/app/FormStepsComponent/form-steps.component.spec.ts" name="FormStepsComponent (Truly Isolated) &gt; Component Creation &gt; should create" time="0.0045186">
        </testcase>
        <testcase classname="src/app/FormStepsComponent/form-steps.component.spec.ts" name="FormStepsComponent (Truly Isolated) &gt; Component Creation &gt; should initialize with default steps" time="0.0010482">
        </testcase>
        <testcase classname="src/app/FormStepsComponent/form-steps.component.spec.ts" name="FormStepsComponent (Truly Isolated) &gt; Component Creation &gt; should initialize activeKey with first step" time="0.0004945">
        </testcase>
        <testcase classname="src/app/FormStepsComponent/form-steps.component.spec.ts" name="FormStepsComponent (Truly Isolated) &gt; Input Properties &gt; should accept custom steps input" time="0.0013836">
        </testcase>
        <testcase classname="src/app/FormStepsComponent/form-steps.component.spec.ts" name="FormStepsComponent (Truly Isolated) &gt; Input Properties &gt; should set activeKey when activeKeyInput is provided" time="0.0005239">
        </testcase>
        <testcase classname="src/app/FormStepsComponent/form-steps.component.spec.ts" name="FormStepsComponent (Truly Isolated) &gt; Input Properties &gt; should not change activeKey when activeKeyInput is undefined" time="0.0007117">
        </testcase>
        <testcase classname="src/app/FormStepsComponent/form-steps.component.spec.ts" name="FormStepsComponent (Truly Isolated) &gt; Input Properties &gt; should not change activeKey when activeKeyInput is empty string" time="0.000496">
        </testcase>
        <testcase classname="src/app/FormStepsComponent/form-steps.component.spec.ts" name="FormStepsComponent (Truly Isolated) &gt; Input Properties &gt; should not change activeKey when activeKeyInput is null" time="0.0003414">
        </testcase>
        <testcase classname="src/app/FormStepsComponent/form-steps.component.spec.ts" name="FormStepsComponent (Truly Isolated) &gt; Output Events &gt; should emit stepChange when onSelect is called" time="0.000561">
        </testcase>
        <testcase classname="src/app/FormStepsComponent/form-steps.component.spec.ts" name="FormStepsComponent (Truly Isolated) &gt; Output Events &gt; should emit back event when onBack is called" time="0.0005191">
        </testcase>
        <testcase classname="src/app/FormStepsComponent/form-steps.component.spec.ts" name="FormStepsComponent (Truly Isolated) &gt; Output Events &gt; should emit next event when onNext is called" time="0.000687">
        </testcase>
        <testcase classname="src/app/FormStepsComponent/form-steps.component.spec.ts" name="FormStepsComponent (Truly Isolated) &gt; activeStep Method &gt; should return the current active step" time="0.0004411">
        </testcase>
        <testcase classname="src/app/FormStepsComponent/form-steps.component.spec.ts" name="FormStepsComponent (Truly Isolated) &gt; activeStep Method &gt; should return undefined when no step matches activeKey" time="0.0003382">
        </testcase>
        <testcase classname="src/app/FormStepsComponent/form-steps.component.spec.ts" name="FormStepsComponent (Truly Isolated) &gt; activeStep Method &gt; should return first matching step when multiple steps have same key" time="0.0002969">
        </testcase>
        <testcase classname="src/app/FormStepsComponent/form-steps.component.spec.ts" name="FormStepsComponent (Truly Isolated) &gt; onSelect Method &gt; should change activeKey when selecting valid step" time="0.0003045">
        </testcase>
        <testcase classname="src/app/FormStepsComponent/form-steps.component.spec.ts" name="FormStepsComponent (Truly Isolated) &gt; onSelect Method &gt; should not change activeKey when selecting disabled step" time="0.0003096">
        </testcase>
        <testcase classname="src/app/FormStepsComponent/form-steps.component.spec.ts" name="FormStepsComponent (Truly Isolated) &gt; onSelect Method &gt; should not change activeKey when selecting nonexistent step" time="0.0002764">
        </testcase>
        <testcase classname="src/app/FormStepsComponent/form-steps.component.spec.ts" name="FormStepsComponent (Truly Isolated) &gt; onSelect Method &gt; should not emit stepChange when selecting disabled step" time="0.0002873">
        </testcase>
        <testcase classname="src/app/FormStepsComponent/form-steps.component.spec.ts" name="FormStepsComponent (Truly Isolated) &gt; onSelect Method &gt; should not emit stepChange when selecting nonexistent step" time="0.0003047">
        </testcase>
        <testcase classname="src/app/FormStepsComponent/form-steps.component.spec.ts" name="FormStepsComponent (Truly Isolated) &gt; onSelect Method &gt; should handle undefined step key" time="0.0002963">
        </testcase>
        <testcase classname="src/app/FormStepsComponent/form-steps.component.spec.ts" name="FormStepsComponent (Truly Isolated) &gt; onSelect Method &gt; should handle null step key" time="0.000264">
        </testcase>
        <testcase classname="src/app/FormStepsComponent/form-steps.component.spec.ts" name="FormStepsComponent (Truly Isolated) &gt; onSelect Method &gt; should handle empty string step key" time="0.000263">
        </testcase>
        <testcase classname="src/app/FormStepsComponent/form-steps.component.spec.ts" name="FormStepsComponent (Truly Isolated) &gt; onSelect Method &gt; should emit stepChange for valid enabled step" time="0.000305">
        </testcase>
        <testcase classname="src/app/FormStepsComponent/form-steps.component.spec.ts" name="FormStepsComponent (Truly Isolated) &gt; onBack Method &gt; should navigate to previous step" time="0.0003371">
        </testcase>
        <testcase classname="src/app/FormStepsComponent/form-steps.component.spec.ts" name="FormStepsComponent (Truly Isolated) &gt; onBack Method &gt; should skip disabled steps when going back" time="0.0002978">
        </testcase>
        <testcase classname="src/app/FormStepsComponent/form-steps.component.spec.ts" name="FormStepsComponent (Truly Isolated) &gt; onBack Method &gt; should not change activeKey when already at first step" time="0.0002718">
        </testcase>
        <testcase classname="src/app/FormStepsComponent/form-steps.component.spec.ts" name="FormStepsComponent (Truly Isolated) &gt; onBack Method &gt; should not emit back event when no previous step available" time="0.0002802">
        </testcase>
        <testcase classname="src/app/FormStepsComponent/form-steps.component.spec.ts" name="FormStepsComponent (Truly Isolated) &gt; onBack Method &gt; should handle empty steps array" time="0.0002661">
        </testcase>
        <testcase classname="src/app/FormStepsComponent/form-steps.component.spec.ts" name="FormStepsComponent (Truly Isolated) &gt; onBack Method &gt; should handle all previous steps disabled" time="0.0002875">
        </testcase>
        <testcase classname="src/app/FormStepsComponent/form-steps.component.spec.ts" name="FormStepsComponent (Truly Isolated) &gt; onNext Method &gt; should navigate to next step" time="0.0002974">
        </testcase>
        <testcase classname="src/app/FormStepsComponent/form-steps.component.spec.ts" name="FormStepsComponent (Truly Isolated) &gt; onNext Method &gt; should skip disabled steps when going forward" time="0.0002857">
        </testcase>
        <testcase classname="src/app/FormStepsComponent/form-steps.component.spec.ts" name="FormStepsComponent (Truly Isolated) &gt; onNext Method &gt; should not change activeKey when already at last step" time="0.0002706">
        </testcase>
        <testcase classname="src/app/FormStepsComponent/form-steps.component.spec.ts" name="FormStepsComponent (Truly Isolated) &gt; onNext Method &gt; should not emit next event when no next step available" time="0.0002767">
        </testcase>
        <testcase classname="src/app/FormStepsComponent/form-steps.component.spec.ts" name="FormStepsComponent (Truly Isolated) &gt; onNext Method &gt; should handle empty steps array" time="0.000267">
        </testcase>
        <testcase classname="src/app/FormStepsComponent/form-steps.component.spec.ts" name="FormStepsComponent (Truly Isolated) &gt; onNext Method &gt; should handle all next steps disabled" time="0.0002813">
        </testcase>
        <testcase classname="src/app/FormStepsComponent/form-steps.component.spec.ts" name="FormStepsComponent (Truly Isolated) &gt; Edge Cases &gt; should handle empty steps array" time="0.0002567">
        </testcase>
        <testcase classname="src/app/FormStepsComponent/form-steps.component.spec.ts" name="FormStepsComponent (Truly Isolated) &gt; Edge Cases &gt; should handle all steps disabled" time="0.0003098">
        </testcase>
        <testcase classname="src/app/FormStepsComponent/form-steps.component.spec.ts" name="FormStepsComponent (Truly Isolated) &gt; Edge Cases &gt; should handle single step" time="0.000304">
        </testcase>
        <testcase classname="src/app/FormStepsComponent/form-steps.component.spec.ts" name="FormStepsComponent (Truly Isolated) &gt; Edge Cases &gt; should handle steps with same key" time="0.0002872">
        </testcase>
        <testcase classname="src/app/FormStepsComponent/form-steps.component.spec.ts" name="FormStepsComponent (Truly Isolated) &gt; Edge Cases &gt; should handle steps with undefined properties" time="0.0002786">
        </testcase>
        <testcase classname="src/app/FormStepsComponent/form-steps.component.spec.ts" name="FormStepsComponent (Truly Isolated) &gt; Signal Behavior &gt; should update activeKey signal correctly" time="0.0005963">
        </testcase>
        <testcase classname="src/app/FormStepsComponent/form-steps.component.spec.ts" name="FormStepsComponent (Truly Isolated) &gt; Signal Behavior &gt; should maintain signal reactivity" time="0.0002618">
        </testcase>
        <testcase classname="src/app/FormStepsComponent/form-steps.component.spec.ts" name="FormStepsComponent (Truly Isolated) &gt; Signal Behavior &gt; should handle multiple signal updates" time="0.0003241">
        </testcase>
        <testcase classname="src/app/FormStepsComponent/form-steps.component.spec.ts" name="FormStepsComponent (Truly Isolated) &gt; Default Steps Configuration &gt; should have correct default step keys" time="0.0007105">
        </testcase>
        <testcase classname="src/app/FormStepsComponent/form-steps.component.spec.ts" name="FormStepsComponent (Truly Isolated) &gt; Default Steps Configuration &gt; should have all default steps enabled" time="0.0003171">
        </testcase>
        <testcase classname="src/app/FormStepsComponent/form-steps.component.spec.ts" name="FormStepsComponent (Truly Isolated) &gt; Default Steps Configuration &gt; should have titles and descriptions for all default steps" time="0.000903">
        </testcase>
        <testcase classname="src/app/FormStepsComponent/form-steps.component.spec.ts" name="FormStepsComponent (Truly Isolated) &gt; Default Steps Configuration &gt; should have unique keys for default steps" time="0.0003183">
        </testcase>
        <testcase classname="src/app/FormStepsComponent/form-steps.component.spec.ts" name="FormStepsComponent (Truly Isolated) &gt; Method Coverage &gt; should cover activeStep method with various scenarios" time="0.0003353">
        </testcase>
        <testcase classname="src/app/FormStepsComponent/form-steps.component.spec.ts" name="FormStepsComponent (Truly Isolated) &gt; Method Coverage &gt; should cover all branches in onSelect" time="0.0003326">
        </testcase>
        <testcase classname="src/app/FormStepsComponent/form-steps.component.spec.ts" name="FormStepsComponent (Truly Isolated) &gt; Method Coverage &gt; should cover all branches in onBack" time="0.0003007">
        </testcase>
        <testcase classname="src/app/FormStepsComponent/form-steps.component.spec.ts" name="FormStepsComponent (Truly Isolated) &gt; Method Coverage &gt; should cover all branches in onNext" time="0.0005869">
        </testcase>
    </testsuite>
    <testsuite name="src/app/stepper/step.component.spec.ts" timestamp="2025-10-23T20:30:27.379Z" hostname="dingolandia" tests="22" failures="0" errors="0" skipped="0" time="0.4236647">
        <testcase classname="src/app/stepper/step.component.spec.ts" name="StepComponent &gt; should create" time="0.1415646">
        </testcase>
        <testcase classname="src/app/stepper/step.component.spec.ts" name="StepComponent &gt; should return false for isActive when index differs from currentIndex" time="0.0151918">
        </testcase>
        <testcase classname="src/app/stepper/step.component.spec.ts" name="StepComponent &gt; should register step without alias using index as fallback" time="0.016985">
        </testcase>
        <testcase classname="src/app/stepper/step.component.spec.ts" name="StepComponent &gt; should register step with alias and all properties" time="0.0114619">
        </testcase>
        <testcase classname="src/app/stepper/step.component.spec.ts" name="StepComponent &gt; should return early from renderContent when host does not exist" time="0.0125762">
        </testcase>
        <testcase classname="src/app/stepper/step.component.spec.ts" name="StepComponent &gt; should handle contentHtml rendering and re-rendering" time="0.032335">
        </testcase>
        <testcase classname="src/app/stepper/step.component.spec.ts" name="StepComponent &gt; should handle componentType rendering with inputs and outputs" time="0.0230335">
        </testcase>
        <testcase classname="src/app/stepper/step.component.spec.ts" name="StepComponent &gt; should handle lazyLoader rendering with inputs and outputs" time="0.0164437">
        </testcase>
        <testcase classname="src/app/stepper/step.component.spec.ts" name="StepComponent &gt; should handle invalid componentOutputs gracefully" time="0.0161861">
        </testcase>
        <testcase classname="src/app/stepper/step.component.spec.ts" name="StepComponent &gt; should handle componentInputs errors gracefully" time="0.0109683">
        </testcase>
        <testcase classname="src/app/stepper/step.component.spec.ts" name="StepComponent &gt; should handle onSave and unregister on ngOnDestroy" time="0.0111028">
        </testcase>
        <testcase classname="src/app/stepper/step.component.spec.ts" name="StepComponent &gt; should use index as key on ngOnDestroy without alias" time="0.0092595">
        </testcase>
        <testcase classname="src/app/stepper/step.component.spec.ts" name="StepComponent &gt; should handle HTML element cleanup and errors on ngOnDestroy" time="0.0111212">
        </testcase>
        <testcase classname="src/app/stepper/step.component.spec.ts" name="StepComponent &gt; should call renderContent on ngAfterViewInit when active and has host" time="0.008168">
        </testcase>
        <testcase classname="src/app/stepper/step.component.spec.ts" name="StepComponent &gt; should handle contentTemplate rendering" time="0.0089527">
        </testcase>
        <testcase classname="src/app/stepper/step.component.spec.ts" name="StepComponent &gt; should clear host on hostRef setter" time="0.0088267">
        </testcase>
        <testcase classname="src/app/stepper/step.component.spec.ts" name="StepComponent &gt; should trigger renderContent when host exists and step is active" time="0.0079565">
        </testcase>
        <testcase classname="src/app/stepper/step.component.spec.ts" name="StepComponent &gt; should reset flags when host is removed" time="0.0073832">
        </testcase>
        <testcase classname="src/app/stepper/step.component.spec.ts" name="StepComponent &gt; should reset contentRendered flag in ngAfterViewChecked when step becomes inactive" time="0.0082892">
        </testcase>
        <testcase classname="src/app/stepper/step.component.spec.ts" name="StepComponent &gt; should update _wasActive flag in ngAfterViewChecked" time="0.0094213">
        </testcase>
        <testcase classname="src/app/stepper/step.component.spec.ts" name="StepComponent &gt; should allow re-rendering when contentHtml changes" time="0.0104992">
        </testcase>
        <testcase classname="src/app/stepper/step.component.spec.ts" name="StepComponent &gt; should not re-render when contentHtml is the same" time="0.021394">
        </testcase>
    </testsuite>
    <testsuite name="src/app/stepper/stepper.component.spec.ts" timestamp="2025-10-23T20:30:27.383Z" hostname="dingolandia" tests="29" failures="0" errors="0" skipped="0" time="0.3679431">
        <testcase classname="src/app/stepper/stepper.component.spec.ts" name="StepperComponent (isolated) &gt; should create" time="0.1157915">
        </testcase>
        <testcase classname="src/app/stepper/stepper.component.spec.ts" name="StepperComponent (isolated) &gt; should calculate progress percent correctly" time="0.0136673">
        </testcase>
        <testcase classname="src/app/stepper/stepper.component.spec.ts" name="StepperComponent (isolated) &gt; should calculate progress percent with custom segments" time="0.0105887">
        </testcase>
        <testcase classname="src/app/stepper/stepper.component.spec.ts" name="StepperComponent (isolated) &gt; should return 0 progress when no steps" time="0.0091917">
        </testcase>
        <testcase classname="src/app/stepper/stepper.component.spec.ts" name="StepperComponent (isolated) &gt; should get steps from service" time="0.0100466">
        </testcase>
        <testcase classname="src/app/stepper/stepper.component.spec.ts" name="StepperComponent (isolated) &gt; should sync linear flag to service in ngAfterContentInit" time="0.0117182">
        </testcase>
        <testcase classname="src/app/stepper/stepper.component.spec.ts" name="StepperComponent (isolated) &gt; should update grid columns in ngAfterViewInit" time="0.0110502">
        </testcase>
        <testcase classname="src/app/stepper/stepper.component.spec.ts" name="StepperComponent (isolated) &gt; should update grid columns with correct calculations" time="0.0097071">
        </testcase>
        <testcase classname="src/app/stepper/stepper.component.spec.ts" name="StepperComponent (isolated) &gt; should handle updateGridColumns with segments &lt;= 0" time="0.0088899">
        </testcase>
        <testcase classname="src/app/stepper/stepper.component.spec.ts" name="StepperComponent (isolated) &gt; should sync linear flag in ngOnChanges" time="0.0080553">
        </testcase>
        <testcase classname="src/app/stepper/stepper.component.spec.ts" name="StepperComponent (isolated) &gt; should cleanup resize listener in ngOnDestroy" time="0.0075847">
        </testcase>
        <testcase classname="src/app/stepper/stepper.component.spec.ts" name="StepperComponent (isolated) &gt; should handle step click when navigable" time="0.0075653">
        </testcase>
        <testcase classname="src/app/stepper/stepper.component.spec.ts" name="StepperComponent (isolated) &gt; should not handle step click when not navigable" time="0.0075613">
        </testcase>
        <testcase classname="src/app/stepper/stepper.component.spec.ts" name="StepperComponent (isolated) &gt; should get step classes correctly" time="0.0074589">
        </testcase>
        <testcase classname="src/app/stepper/stepper.component.spec.ts" name="StepperComponent (isolated) &gt; should get title classes with status overrides" time="0.0077525">
        </testcase>
        <testcase classname="src/app/stepper/stepper.component.spec.ts" name="StepperComponent (isolated) &gt; should get title colors by status" time="0.0078725">
        </testcase>
        <testcase classname="src/app/stepper/stepper.component.spec.ts" name="StepperComponent (isolated) &gt; should get icon class with custom icons and classes" time="0.007749">
        </testcase>
        <testcase classname="src/app/stepper/stepper.component.spec.ts" name="StepperComponent (isolated) &gt; should handle shouldShowIcon flags" time="0.0078758">
        </testcase>
        <testcase classname="src/app/stepper/stepper.component.spec.ts" name="StepperComponent (isolated) &gt; should return true in shouldShowIcon for finished step with showIconOnFinished undefined" time="0.0077175">
        </testcase>
        <testcase classname="src/app/stepper/stepper.component.spec.ts" name="StepperComponent (isolated) &gt; should return true in shouldShowIcon for error step with showIconOnError undefined" time="0.0087292">
        </testcase>
        <testcase classname="src/app/stepper/stepper.component.spec.ts" name="StepperComponent (isolated) &gt; should get icon colors by status" time="0.008034">
        </testcase>
        <testcase classname="src/app/stepper/stepper.component.spec.ts" name="StepperComponent (isolated) &gt; should get tooltips with status overrides" time="0.0078089">
        </testcase>
        <testcase classname="src/app/stepper/stepper.component.spec.ts" name="StepperComponent (isolated) &gt; should return correct progress aria label" time="0.0081657">
        </testcase>
        <testcase classname="src/app/stepper/stepper.component.spec.ts" name="StepperComponent (isolated) &gt; should check isFirst and isLast correctly" time="0.0082887">
        </testcase>
        <testcase classname="src/app/stepper/stepper.component.spec.ts" name="StepperComponent (isolated) &gt; should handle fallback for getTitleColor, getIconClass, getIconColor, getTooltip" time="0.0083327">
        </testcase>
        <testcase classname="src/app/stepper/stepper.component.spec.ts" name="StepperComponent (isolated) &gt; should handle getStepClasses and getTitleClasses for pending/undefined status" time="0.0090239">
        </testcase>
        <testcase classname="src/app/stepper/stepper.component.spec.ts" name="StepperComponent (isolated) &gt; should handle getTooltip with only base tooltip" time="0.007819">
        </testcase>
        <testcase classname="src/app/stepper/stepper.component.spec.ts" name="StepperComponent (isolated) &gt; should early return in updateGridColumns when width is 0" time="0.0081483">
        </testcase>
        <testcase classname="src/app/stepper/stepper.component.spec.ts" name="StepperComponent (isolated) &gt; should handle keyboard navigation (ArrowRight, ArrowLeft, Home, End) and not handle if not navigable" time="0.0127829">
        </testcase>
    </testsuite>
    <testsuite name="src/app/stepper/stepper.service.spec.ts" timestamp="2025-10-23T20:30:27.388Z" hostname="dingolandia" tests="32" failures="0" errors="0" skipped="0" time="0.1818479">
        <testcase classname="src/app/stepper/stepper.service.spec.ts" name="StepperService &gt; registers steps and maps aliases correctly" time="0.0352327">
        </testcase>
        <testcase classname="src/app/stepper/stepper.service.spec.ts" name="StepperService &gt; throws error when registering duplicate alias" time="0.0086462">
        </testcase>
        <testcase classname="src/app/stepper/stepper.service.spec.ts" name="StepperService &gt; navigates with goTo and updates statuses (jump applies synthetic error)" time="0.0070967">
        </testcase>
        <testcase classname="src/app/stepper/stepper.service.spec.ts" name="StepperService &gt; prev/next respect boundaries and return boolean" time="0.0050442">
        </testcase>
        <testcase classname="src/app/stepper/stepper.service.spec.ts" name="StepperService &gt; setStatus by index and alias" time="0.0041634">
        </testcase>
        <testcase classname="src/app/stepper/stepper.service.spec.ts" name="StepperService &gt; reset controls visited, statuses and data" time="0.0062398">
        </testcase>
        <testcase classname="src/app/stepper/stepper.service.spec.ts" name="StepperService &gt; linear and debug signals can be configured" time="0.0046026">
        </testcase>
        <testcase classname="src/app/stepper/stepper.service.spec.ts" name="StepperService &gt; setLinear and setDebug update signals" time="0.0052232">
        </testcase>
        <testcase classname="src/app/stepper/stepper.service.spec.ts" name="StepperService &gt; blocks navigation when canExit returns false" time="0.0053476">
        </testcase>
        <testcase classname="src/app/stepper/stepper.service.spec.ts" name="StepperService &gt; proceeds navigation when canExit throws error" time="0.0041387">
        </testcase>
        <testcase classname="src/app/stepper/stepper.service.spec.ts" name="StepperService &gt; updates existing record with registerStep again" time="0.0048166">
        </testcase>
        <testcase classname="src/app/stepper/stepper.service.spec.ts" name="StepperService &gt; registerStep update covers overrides for icons, titles and tooltips" time="0.0058222">
        </testcase>
        <testcase classname="src/app/stepper/stepper.service.spec.ts" name="StepperService &gt; unregisterStep removes step and adjusts currentIndex" time="0.0053515">
        </testcase>
        <testcase classname="src/app/stepper/stepper.service.spec.ts" name="StepperService &gt; jumping marks visited step as finished (even with canExit)" time="0.0047513">
        </testcase>
        <testcase classname="src/app/stepper/stepper.service.spec.ts" name="StepperService &gt; reset with keepData preserves or clears data" time="0.0056096">
        </testcase>
        <testcase classname="src/app/stepper/stepper.service.spec.ts" name="StepperService &gt; visiting synthetic error with canExit keeps error and traverses branch" time="0.0039869">
        </testcase>
        <testcase classname="src/app/stepper/stepper.service.spec.ts" name="StepperService &gt; synthetic error is removed after visiting and does not block again" time="0.0038059">
        </testcase>
        <testcase classname="src/app/stepper/stepper.service.spec.ts" name="StepperService &gt; debug logging covers canExit returning false and thrown error" time="0.0039377">
        </testcase>
        <testcase classname="src/app/stepper/stepper.service.spec.ts" name="StepperService &gt; logData prints saved payload without throwing" time="0.0037352">
        </testcase>
        <testcase classname="src/app/stepper/stepper.service.spec.ts" name="StepperService &gt; navigating back finishes current step" time="0.0035509">
        </testcase>
        <testcase classname="src/app/stepper/stepper.service.spec.ts" name="StepperService &gt; invalid goTo returns false and does not change index" time="0.0037926">
        </testcase>
        <testcase classname="src/app/stepper/stepper.service.spec.ts" name="StepperService &gt; setStatus by alias updates status correctly" time="0.0037091">
        </testcase>
        <testcase classname="src/app/stepper/stepper.service.spec.ts" name="StepperService &gt; effect in constructor runs when currentIndex or stepCount changes" time="0.0098151">
        </testcase>
        <testcase classname="src/app/stepper/stepper.service.spec.ts" name="StepperService &gt; covers effect constructor logic for setting pending status on non-current steps" time="0.0036358">
        </testcase>
        <testcase classname="src/app/stepper/stepper.service.spec.ts" name="StepperService &gt; covers currentIndex adjustment when removing step at current position" time="0.0037818">
        </testcase>
        <testcase classname="src/app/stepper/stepper.service.spec.ts" name="StepperService &gt; covers effect logic when steps have existing statuses" time="0.0044307">
        </testcase>
        <testcase classname="src/app/stepper/stepper.service.spec.ts" name="StepperService &gt; covers currentIndex adjustment edge cases" time="0.003576">
        </testcase>
        <testcase classname="src/app/stepper/stepper.service.spec.ts" name="StepperService &gt; tests if currentIndex adjustment in registerStep is ever needed" time="0.0032059">
        </testcase>
        <testcase classname="src/app/stepper/stepper.service.spec.ts" name="StepperService &gt; goTo retorna false quando não há passos" time="0.0028994">
        </testcase>
        <testcase classname="src/app/stepper/stepper.service.spec.ts" name="StepperService &gt; erro não-sintético permanece ao pular novamente (cobre ternário st===error)" time="0.0030845">
        </testcase>
        <testcase classname="src/app/stepper/stepper.service.spec.ts" name="StepperService &gt; reset sem options usa index padrão 0" time="0.0028873">
        </testcase>
        <testcase classname="src/app/stepper/stepper.service.spec.ts" name="StepperService &gt; setStatus ignora alias inexistente sem alterar nada" time="0.002741">
        </testcase>
    </testsuite>
    <testsuite name="src/app/FormStepsComponent/contents/basic-info/basic-info.component.spec.ts" timestamp="2025-10-23T20:30:27.393Z" hostname="dingolandia" tests="27" failures="0" errors="0" skipped="0" time="2.5999404">
        <testcase classname="src/app/FormStepsComponent/contents/basic-info/basic-info.component.spec.ts" name="BasicInfoComponent (compact spec) &gt; inicializa e cobre lifecycle básico" time="0.5534856">
        </testcase>
        <testcase classname="src/app/FormStepsComponent/contents/basic-info/basic-info.component.spec.ts" name="BasicInfoComponent (compact spec) &gt; reposiciona para newTop quando perto do fim e houve scroll" time="0.111">
        </testcase>
        <testcase classname="src/app/FormStepsComponent/contents/basic-info/basic-info.component.spec.ts" name="BasicInfoComponent (compact spec) &gt; paginação e locks" time="0.0882308">
        </testcase>
        <testcase classname="src/app/FormStepsComponent/contents/basic-info/basic-info.component.spec.ts" name="BasicInfoComponent (compact spec) &gt; seleção e exclusões" time="0.0949293">
        </testcase>
        <testcase classname="src/app/FormStepsComponent/contents/basic-info/basic-info.component.spec.ts" name="BasicInfoComponent (compact spec) &gt; applyRAS com id válido e trim" time="0.0997241">
        </testcase>
        <testcase classname="src/app/FormStepsComponent/contents/basic-info/basic-info.component.spec.ts" name="BasicInfoComponent (compact spec) &gt; apply/confirm/cancel RAS" time="0.0805857">
        </testcase>
        <testcase classname="src/app/FormStepsComponent/contents/basic-info/basic-info.component.spec.ts" name="BasicInfoComponent (compact spec) &gt; performApplyRAS sucesso e erro" time="0.075375">
        </testcase>
        <testcase classname="src/app/FormStepsComponent/contents/basic-info/basic-info.component.spec.ts" name="BasicInfoComponent (compact spec) &gt; toggleShowRAS alterna e reseta locks" time="0.067709">
        </testcase>
        <testcase classname="src/app/FormStepsComponent/contents/basic-info/basic-info.component.spec.ts" name="BasicInfoComponent (compact spec) &gt; buscar/limpar respeita locks e parâmetros" time="0.0793616">
        </testcase>
        <testcase classname="src/app/FormStepsComponent/contents/basic-info/basic-info.component.spec.ts" name="BasicInfoComponent (compact spec) &gt; ngAfterViewInit container/sentinel nulos e scroll fora do fim" time="0.2039896">
        </testcase>
        <testcase classname="src/app/FormStepsComponent/contents/basic-info/basic-info.component.spec.ts" name="BasicInfoComponent (compact spec) &gt; mapDealRasToContrato chave por prioridade" time="0.0654935">
        </testcase>
        <testcase classname="src/app/FormStepsComponent/contents/basic-info/basic-info.component.spec.ts" name="BasicInfoComponent (compact spec) &gt; mapDealRasToContrato chave por prioridade" time="0.0659613">
        </testcase>
        <testcase classname="src/app/FormStepsComponent/contents/basic-info/basic-info.component.spec.ts" name="BasicInfoComponent (compact spec) &gt; mapDealRasToContrato chave usa dealRAS quando anteriores nulos" time="0.0647834">
        </testcase>
        <testcase classname="src/app/FormStepsComponent/contents/basic-info/basic-info.component.spec.ts" name="BasicInfoComponent (compact spec) &gt; mapDealRasToContrato operacao por prioridade" time="0.0779848">
        </testcase>
        <testcase classname="src/app/FormStepsComponent/contents/basic-info/basic-info.component.spec.ts" name="BasicInfoComponent (compact spec) &gt; mapDealRasToContrato operacao por prioridade" time="0.0691927">
        </testcase>
        <testcase classname="src/app/FormStepsComponent/contents/basic-info/basic-info.component.spec.ts" name="BasicInfoComponent (compact spec) &gt; mapDealRasToContrato operacao por prioridade" time="0.0733813">
        </testcase>
        <testcase classname="src/app/FormStepsComponent/contents/basic-info/basic-info.component.spec.ts" name="BasicInfoComponent (compact spec) &gt; mapDealRasToContrato operacao por prioridade" time="0.0723804">
        </testcase>
        <testcase classname="src/app/FormStepsComponent/contents/basic-info/basic-info.component.spec.ts" name="BasicInfoComponent (compact spec) &gt; mapDealRasToContrato id usa ras-DRS-ID quando dealRAS preenchido" time="0.0695899">
        </testcase>
        <testcase classname="src/app/FormStepsComponent/contents/basic-info/basic-info.component.spec.ts" name="BasicInfoComponent (compact spec) &gt; mapDealRasToContrato id usa &apos;ras-unk&apos; quando dealRAS vazio" time="0.0692569">
        </testcase>
        <testcase classname="src/app/FormStepsComponent/contents/basic-info/basic-info.component.spec.ts" name="BasicInfoComponent (compact spec) &gt; mapDealRasToContrato chave usa &quot;-&quot; quando dealRAS undefined" time="0.0643512">
        </testcase>
        <testcase classname="src/app/FormStepsComponent/contents/basic-info/basic-info.component.spec.ts" name="BasicInfoComponent (compact spec) &gt; mapDealRasToContrato fallback quando tudo nulo" time="0.063696">
        </testcase>
        <testcase classname="src/app/FormStepsComponent/contents/basic-info/basic-info.component.spec.ts" name="BasicInfoComponent (compact spec) &gt; confirmApplyRAS retorna cedo quando dealRAS inválido: null" time="0.0645774">
        </testcase>
        <testcase classname="src/app/FormStepsComponent/contents/basic-info/basic-info.component.spec.ts" name="BasicInfoComponent (compact spec) &gt; confirmApplyRAS retorna cedo quando dealRAS inválido: undefined" time="0.0674071">
        </testcase>
        <testcase classname="src/app/FormStepsComponent/contents/basic-info/basic-info.component.spec.ts" name="BasicInfoComponent (compact spec) &gt; formatIsoToInput cobre válidos e sentinelas" time="0.0636761">
        </testcase>
        <testcase classname="src/app/FormStepsComponent/contents/basic-info/basic-info.component.spec.ts" name="BasicInfoComponent (compact spec) &gt; formatIsoToInput cobre catch via Date inválido" time="0.0632991">
        </testcase>
        <testcase classname="src/app/FormStepsComponent/contents/basic-info/basic-info.component.spec.ts" name="BasicInfoComponent (compact spec) &gt; onPrevPage respeita locks" time="0.0627087">
        </testcase>
        <testcase classname="src/app/FormStepsComponent/contents/basic-info/basic-info.component.spec.ts" name="BasicInfoComponent (compact spec) &gt; onPrevPage respeita locks" time="0.064963">
        </testcase>
    </testsuite>
    <testsuite name="src/app/FormStepsComponent/contents/basic-info/basic-info.service.spec.ts" timestamp="2025-10-23T20:30:27.398Z" hostname="dingolandia" tests="17" failures="0" errors="0" skipped="0" time="0.1690521">
        <testcase classname="src/app/FormStepsComponent/contents/basic-info/basic-info.service.spec.ts" name="BasicInfoService &gt; should be created" time="0.0403644">
        </testcase>
        <testcase classname="src/app/FormStepsComponent/contents/basic-info/basic-info.service.spec.ts" name="BasicInfoService &gt; should initialize with default values" time="0.0105468">
        </testcase>
        <testcase classname="src/app/FormStepsComponent/contents/basic-info/basic-info.service.spec.ts" name="BasicInfoService &gt; should have correct tiposBaixa array" time="0.0071763">
        </testcase>
        <testcase classname="src/app/FormStepsComponent/contents/basic-info/basic-info.service.spec.ts" name="BasicInfoService &gt; searchContratos &gt; should search contratos with correct parameters and update observables" time="0.0150762">
        </testcase>
        <testcase classname="src/app/FormStepsComponent/contents/basic-info/basic-info.service.spec.ts" name="BasicInfoService &gt; searchContratos &gt; should handle loading more data (page &gt; 1) with same filters" time="0.008615">
        </testcase>
        <testcase classname="src/app/FormStepsComponent/contents/basic-info/basic-info.service.spec.ts" name="BasicInfoService &gt; searchContratos &gt; should reset data when filters change" time="0.0072468">
        </testcase>
        <testcase classname="src/app/FormStepsComponent/contents/basic-info/basic-info.service.spec.ts" name="BasicInfoService &gt; searchContratos &gt; should handle HTTP error and reset data" time="0.0083418">
        </testcase>
        <testcase classname="src/app/FormStepsComponent/contents/basic-info/basic-info.service.spec.ts" name="BasicInfoService &gt; searchContratos &gt; should set loading to true during request" time="0.0089222">
        </testcase>
        <testcase classname="src/app/FormStepsComponent/contents/basic-info/basic-info.service.spec.ts" name="BasicInfoService &gt; searchContratos &gt; should call searchContratos with current filters and new page" time="0.0071549">
        </testcase>
        <testcase classname="src/app/FormStepsComponent/contents/basic-info/basic-info.service.spec.ts" name="BasicInfoService &gt; searchContratos &gt; should call searchContratos with current filters, page 1, and new pageSize" time="0.0077419">
        </testcase>
        <testcase classname="src/app/FormStepsComponent/contents/basic-info/basic-info.service.spec.ts" name="BasicInfoService &gt; searchContratos &gt; should increment current page and call changePage" time="0.0076096">
        </testcase>
        <testcase classname="src/app/FormStepsComponent/contents/basic-info/basic-info.service.spec.ts" name="BasicInfoService &gt; searchContratos &gt; should return current page value" time="0.0066055">
        </testcase>
        <testcase classname="src/app/FormStepsComponent/contents/basic-info/basic-info.service.spec.ts" name="BasicInfoService &gt; searchContratos &gt; should return default page value when no search has been performed" time="0.0071866">
        </testcase>
        <testcase classname="src/app/FormStepsComponent/contents/basic-info/basic-info.service.spec.ts" name="BasicInfoService &gt; searchContratos &gt; should update filtro signal" time="0.0057047">
        </testcase>
        <testcase classname="src/app/FormStepsComponent/contents/basic-info/basic-info.service.spec.ts" name="BasicInfoService &gt; searchContratos &gt; should update apenasNaoVinculados signal" time="0.0052599">
        </testcase>
        <testcase classname="src/app/FormStepsComponent/contents/basic-info/basic-info.service.spec.ts" name="BasicInfoService &gt; selectContrato &gt; should update selectedContrato observable" time="0.0058243">
        </testcase>
        <testcase classname="src/app/FormStepsComponent/contents/basic-info/basic-info.service.spec.ts" name="BasicInfoService &gt; clearSelection &gt; should clear selectedContrato observable" time="0.0059937">
        </testcase>
    </testsuite>
    <testsuite name="src/app/FormStepsComponent/contents/collateral/collateral.component.spec.ts" timestamp="2025-10-23T20:30:27.401Z" hostname="dingolandia" tests="11" failures="0" errors="0" skipped="0" time="0.3807128">
        <testcase classname="src/app/FormStepsComponent/contents/collateral/collateral.component.spec.ts" name="CollateralComponent &gt; should create component" time="0.1641584">
        </testcase>
        <testcase classname="src/app/FormStepsComponent/contents/collateral/collateral.component.spec.ts" name="CollateralComponent &gt; should open and close add modal" time="0.0301045">
        </testcase>
        <testcase classname="src/app/FormStepsComponent/contents/collateral/collateral.component.spec.ts" name="CollateralComponent &gt; should call addCollateral on onModalSave and close modal" time="0.0244178">
        </testcase>
        <testcase classname="src/app/FormStepsComponent/contents/collateral/collateral.component.spec.ts" name="CollateralComponent &gt; should call removeCollateral on onDelete" time="0.0250086">
        </testcase>
        <testcase classname="src/app/FormStepsComponent/contents/collateral/collateral.component.spec.ts" name="CollateralComponent &gt; should call changePage and changePageSize converting values" time="0.0219768">
        </testcase>
        <testcase classname="src/app/FormStepsComponent/contents/collateral/collateral.component.spec.ts" name="CollateralComponent &gt; should trigger fileInput click on onImport" time="0.0202787">
        </testcase>
        <testcase classname="src/app/FormStepsComponent/contents/collateral/collateral.component.spec.ts" name="CollateralComponent &gt; should import file on onFileSelected when file exists" time="0.017638">
        </testcase>
        <testcase classname="src/app/FormStepsComponent/contents/collateral/collateral.component.spec.ts" name="CollateralComponent &gt; should not import file on onFileSelected when no file" time="0.0168824">
        </testcase>
        <testcase classname="src/app/FormStepsComponent/contents/collateral/collateral.component.spec.ts" name="CollateralComponent &gt; should toggle menu with toggleMenu" time="0.0171961">
        </testcase>
        <testcase classname="src/app/FormStepsComponent/contents/collateral/collateral.component.spec.ts" name="CollateralComponent &gt; should close menu on onDocClick when clicking outside" time="0.021249">
        </testcase>
        <testcase classname="src/app/FormStepsComponent/contents/collateral/collateral.component.spec.ts" name="CollateralComponent &gt; should not close menu on onDocClick when clicking inside" time="0.0193419">
        </testcase>
    </testsuite>
    <testsuite name="src/app/FormStepsComponent/contents/collateral/collateral.service.spec.ts" timestamp="2025-10-23T20:30:27.403Z" hostname="dingolandia" tests="19" failures="0" errors="0" skipped="0" time="0.8178946">
        <testcase classname="src/app/FormStepsComponent/contents/collateral/collateral.service.spec.ts" name="CollateralService &gt; should be created" time="0.0304206">
        </testcase>
        <testcase classname="src/app/FormStepsComponent/contents/collateral/collateral.service.spec.ts" name="CollateralService &gt; should have initial collaterals as empty array" time="0.0069158">
        </testcase>
        <testcase classname="src/app/FormStepsComponent/contents/collateral/collateral.service.spec.ts" name="CollateralService &gt; should have initial page as 1 and pageSize as 12" time="0.0050628">
        </testcase>
        <testcase classname="src/app/FormStepsComponent/contents/collateral/collateral.service.spec.ts" name="CollateralService &gt; should have initial loading as false" time="0.0041258">
        </testcase>
        <testcase classname="src/app/FormStepsComponent/contents/collateral/collateral.service.spec.ts" name="CollateralService &gt; should have initial total as 0" time="0.0041421">
        </testcase>
        <testcase classname="src/app/FormStepsComponent/contents/collateral/collateral.service.spec.ts" name="CollateralService &gt; addCollateral &gt; should add collateral with generated id and default status" time="0.0061673">
        </testcase>
        <testcase classname="src/app/FormStepsComponent/contents/collateral/collateral.service.spec.ts" name="CollateralService &gt; addCollateral &gt; should add collateral with custom status when provided" time="0.0042382">
        </testcase>
        <testcase classname="src/app/FormStepsComponent/contents/collateral/collateral.service.spec.ts" name="CollateralService &gt; addCollateral &gt; should calculate total correctly after adding collaterals" time="0.0037425">
        </testcase>
        <testcase classname="src/app/FormStepsComponent/contents/collateral/collateral.service.spec.ts" name="CollateralService &gt; removeCollateral &gt; should remove collateral by id" time="0.0042259">
        </testcase>
        <testcase classname="src/app/FormStepsComponent/contents/collateral/collateral.service.spec.ts" name="CollateralService &gt; removeCollateral &gt; should not affect other collaterals when removing specific id" time="0.0039615">
        </testcase>
        <testcase classname="src/app/FormStepsComponent/contents/collateral/collateral.service.spec.ts" name="CollateralService &gt; pagination &gt; should change page" time="0.0031086">
        </testcase>
        <testcase classname="src/app/FormStepsComponent/contents/collateral/collateral.service.spec.ts" name="CollateralService &gt; pagination &gt; should change page size and reset page to 1" time="0.003585">
        </testcase>
        <testcase classname="src/app/FormStepsComponent/contents/collateral/collateral.service.spec.ts" name="CollateralService &gt; pagination &gt; should return correct paged collaterals" time="0.0054067">
        </testcase>
        <testcase classname="src/app/FormStepsComponent/contents/collateral/collateral.service.spec.ts" name="CollateralService &gt; loading state &gt; should start loading" time="0.0035798">
        </testcase>
        <testcase classname="src/app/FormStepsComponent/contents/collateral/collateral.service.spec.ts" name="CollateralService &gt; loading state &gt; should stop loading" time="0.0039023">
        </testcase>
        <testcase classname="src/app/FormStepsComponent/contents/collateral/collateral.service.spec.ts" name="CollateralService &gt; importFile &gt; should start loading when importing file" time="0.0060397">
        </testcase>
        <testcase classname="src/app/FormStepsComponent/contents/collateral/collateral.service.spec.ts" name="CollateralService &gt; importFile &gt; should stop loading after timeout" time="0.708305">
        </testcase>
        <testcase classname="src/app/FormStepsComponent/contents/collateral/collateral.service.spec.ts" name="CollateralService &gt; edge cases &gt; should handle collaterals with zero or undefined values in total calculation" time="0.0043295">
        </testcase>
        <testcase classname="src/app/FormStepsComponent/contents/collateral/collateral.service.spec.ts" name="CollateralService &gt; edge cases &gt; should handle removing non-existent id gracefully" time="0.003814">
        </testcase>
    </testsuite>
    <testsuite name="src/app/FormStepsComponent/contents/basic-info/services/get-deal-ras.service.spec.ts" timestamp="2025-10-23T20:30:27.406Z" hostname="dingolandia" tests="12" failures="0" errors="0" skipped="0" time="0.1252111">
        <testcase classname="src/app/FormStepsComponent/contents/basic-info/services/get-deal-ras.service.spec.ts" name="GetDealRasService &gt; should be created" time="0.0409141">
        </testcase>
        <testcase classname="src/app/FormStepsComponent/contents/basic-info/services/get-deal-ras.service.spec.ts" name="GetDealRasService &gt; getDealRas &gt; should make GET request with correct URL for string dealRAS" time="0.0102647">
        </testcase>
        <testcase classname="src/app/FormStepsComponent/contents/basic-info/services/get-deal-ras.service.spec.ts" name="GetDealRasService &gt; getDealRas &gt; should make GET request with correct URL for number dealRAS" time="0.0062871">
        </testcase>
        <testcase classname="src/app/FormStepsComponent/contents/basic-info/services/get-deal-ras.service.spec.ts" name="GetDealRasService &gt; getDealRas &gt; should trim whitespace from string dealRAS" time="0.0066848">
        </testcase>
        <testcase classname="src/app/FormStepsComponent/contents/basic-info/services/get-deal-ras.service.spec.ts" name="GetDealRasService &gt; getDealRas &gt; should map DealRas response to DealRasResponse with status from DealStatus.Description" time="0.0093238">
        </testcase>
        <testcase classname="src/app/FormStepsComponent/contents/basic-info/services/get-deal-ras.service.spec.ts" name="GetDealRasService &gt; getDealRas &gt; should use &quot;OK&quot; as default status when DealStatus.Description is null" time="0.0064605">
        </testcase>
        <testcase classname="src/app/FormStepsComponent/contents/basic-info/services/get-deal-ras.service.spec.ts" name="GetDealRasService &gt; getDealRas &gt; should use &quot;OK&quot; as default status when DealStatus.Description is undefined" time="0.0084485">
        </testcase>
        <testcase classname="src/app/FormStepsComponent/contents/basic-info/services/get-deal-ras.service.spec.ts" name="GetDealRasService &gt; getDealRas &gt; should use &quot;OK&quot; as default status when DealStatus is null" time="0.006183">
        </testcase>
        <testcase classname="src/app/FormStepsComponent/contents/basic-info/services/get-deal-ras.service.spec.ts" name="GetDealRasService &gt; getDealRas &gt; should use &quot;OK&quot; as default status when DealStatus is undefined" time="0.0066912">
        </testcase>
        <testcase classname="src/app/FormStepsComponent/contents/basic-info/services/get-deal-ras.service.spec.ts" name="GetDealRasService &gt; getDealRas &gt; should handle special characters in dealRAS by encoding them" time="0.0065534">
        </testcase>
        <testcase classname="src/app/FormStepsComponent/contents/basic-info/services/get-deal-ras.service.spec.ts" name="GetDealRasService &gt; getDealRas &gt; should preserve all original DealRas properties in the response" time="0.007966">
        </testcase>
        <testcase classname="src/app/FormStepsComponent/contents/basic-info/services/get-deal-ras.service.spec.ts" name="GetDealRasService &gt; getDealRas &gt; should handle HTTP error responses" time="0.0067341">
        </testcase>
    </testsuite>
    <testsuite name="src/app/FormStepsComponent/contents/collateral/modal/collateral-add-modal.component.spec.ts" timestamp="2025-10-23T20:30:27.409Z" hostname="dingolandia" tests="13" failures="0" errors="0" skipped="0" time="0.7001747">
        <testcase classname="src/app/FormStepsComponent/contents/collateral/modal/collateral-add-modal.component.spec.ts" name="CollateralAddModalComponent &gt; should create component" time="0.280891">
        </testcase>
        <testcase classname="src/app/FormStepsComponent/contents/collateral/modal/collateral-add-modal.component.spec.ts" name="CollateralAddModalComponent &gt; should initialize form with default values" time="0.0436164">
        </testcase>
        <testcase classname="src/app/FormStepsComponent/contents/collateral/modal/collateral-add-modal.component.spec.ts" name="CollateralAddModalComponent &gt; should validate required fields" time="0.0408772">
        </testcase>
        <testcase classname="src/app/FormStepsComponent/contents/collateral/modal/collateral-add-modal.component.spec.ts" name="CollateralAddModalComponent &gt; should emit closed and reset form on onClose" time="0.0417149">
        </testcase>
        <testcase classname="src/app/FormStepsComponent/contents/collateral/modal/collateral-add-modal.component.spec.ts" name="CollateralAddModalComponent &gt; should not save when form is invalid" time="0.0337156">
        </testcase>
        <testcase classname="src/app/FormStepsComponent/contents/collateral/modal/collateral-add-modal.component.spec.ts" name="CollateralAddModalComponent &gt; should emit save with correct payload when form is valid" time="0.0340453">
        </testcase>
        <testcase classname="src/app/FormStepsComponent/contents/collateral/modal/collateral-add-modal.component.spec.ts" name="CollateralAddModalComponent &gt; should handle null/undefined values on onSave" time="0.0357622">
        </testcase>
        <testcase classname="src/app/FormStepsComponent/contents/collateral/modal/collateral-add-modal.component.spec.ts" name="CollateralAddModalComponent &gt; should accept collateralTypes as input" time="0.0337164">
        </testcase>
        <testcase classname="src/app/FormStepsComponent/contents/collateral/modal/collateral-add-modal.component.spec.ts" name="CollateralAddModalComponent &gt; should accept open as input" time="0.0305333">
        </testcase>
        <testcase classname="src/app/FormStepsComponent/contents/collateral/modal/collateral-add-modal.component.spec.ts" name="CollateralAddModalComponent &gt; should convert string values to number on onSave" time="0.0335206">
        </testcase>
        <testcase classname="src/app/FormStepsComponent/contents/collateral/modal/collateral-add-modal.component.spec.ts" name="CollateralAddModalComponent &gt; should convert linked to boolean on onSave" time="0.0322696">
        </testcase>
        <testcase classname="src/app/FormStepsComponent/contents/collateral/modal/collateral-add-modal.component.spec.ts" name="CollateralAddModalComponent &gt; should handle type as string on onSave" time="0.0329275">
        </testcase>
        <testcase classname="src/app/FormStepsComponent/contents/collateral/modal/collateral-add-modal.component.spec.ts" name="CollateralAddModalComponent &gt; should test all fields with null/undefined values" time="0.0237858">
        </testcase>
    </testsuite>
</testsuites>
