<?xml version="1.0" encoding="UTF-8" ?>
<testsuites name="Unit Tests" tests="27" failures="0" errors="0" time="2.3741733">
    <testsuite name="src/app/FormStepsComponent/contents/basic-info/basic-info.component.spec.ts" timestamp="2025-10-23T02:20:25.996Z" hostname="dingolandia" tests="27" failures="0" errors="0" skipped="0" time="2.3741733">
        <testcase classname="src/app/FormStepsComponent/contents/basic-info/basic-info.component.spec.ts" name="BasicInfoComponent (compact spec) &gt; inicializa e cobre lifecycle básico" time="0.4212747">
        </testcase>
        <testcase classname="src/app/FormStepsComponent/contents/basic-info/basic-info.component.spec.ts" name="BasicInfoComponent (compact spec) &gt; reposiciona para newTop quando perto do fim e houve scroll" time="0.1055655">
        </testcase>
        <testcase classname="src/app/FormStepsComponent/contents/basic-info/basic-info.component.spec.ts" name="BasicInfoComponent (compact spec) &gt; paginação e locks" time="0.0855437">
        </testcase>
        <testcase classname="src/app/FormStepsComponent/contents/basic-info/basic-info.component.spec.ts" name="BasicInfoComponent (compact spec) &gt; seleção e exclusões" time="0.0785045">
        </testcase>
        <testcase classname="src/app/FormStepsComponent/contents/basic-info/basic-info.component.spec.ts" name="BasicInfoComponent (compact spec) &gt; applyRAS com id válido e trim" time="0.0754602">
        </testcase>
        <testcase classname="src/app/FormStepsComponent/contents/basic-info/basic-info.component.spec.ts" name="BasicInfoComponent (compact spec) &gt; apply/confirm/cancel RAS" time="0.0739107">
        </testcase>
        <testcase classname="src/app/FormStepsComponent/contents/basic-info/basic-info.component.spec.ts" name="BasicInfoComponent (compact spec) &gt; performApplyRAS sucesso e erro" time="0.0792138">
        </testcase>
        <testcase classname="src/app/FormStepsComponent/contents/basic-info/basic-info.component.spec.ts" name="BasicInfoComponent (compact spec) &gt; toggleShowRAS alterna e reseta locks" time="0.0671333">
        </testcase>
        <testcase classname="src/app/FormStepsComponent/contents/basic-info/basic-info.component.spec.ts" name="BasicInfoComponent (compact spec) &gt; buscar/limpar respeita locks e parâmetros" time="0.0674217">
        </testcase>
        <testcase classname="src/app/FormStepsComponent/contents/basic-info/basic-info.component.spec.ts" name="BasicInfoComponent (compact spec) &gt; ngAfterViewInit container/sentinel nulos e scroll fora do fim" time="0.2037439">
        </testcase>
        <testcase classname="src/app/FormStepsComponent/contents/basic-info/basic-info.component.spec.ts" name="BasicInfoComponent (compact spec) &gt; mapDealRasToContrato chave por prioridade" time="0.0640846">
        </testcase>
        <testcase classname="src/app/FormStepsComponent/contents/basic-info/basic-info.component.spec.ts" name="BasicInfoComponent (compact spec) &gt; mapDealRasToContrato chave por prioridade" time="0.0676572">
        </testcase>
        <testcase classname="src/app/FormStepsComponent/contents/basic-info/basic-info.component.spec.ts" name="BasicInfoComponent (compact spec) &gt; mapDealRasToContrato chave usa dealRAS quando anteriores nulos" time="0.064105">
        </testcase>
        <testcase classname="src/app/FormStepsComponent/contents/basic-info/basic-info.component.spec.ts" name="BasicInfoComponent (compact spec) &gt; mapDealRasToContrato operacao por prioridade" time="0.0640408">
        </testcase>
        <testcase classname="src/app/FormStepsComponent/contents/basic-info/basic-info.component.spec.ts" name="BasicInfoComponent (compact spec) &gt; mapDealRasToContrato operacao por prioridade" time="0.0652607">
        </testcase>
        <testcase classname="src/app/FormStepsComponent/contents/basic-info/basic-info.component.spec.ts" name="BasicInfoComponent (compact spec) &gt; mapDealRasToContrato operacao por prioridade" time="0.0786516">
        </testcase>
        <testcase classname="src/app/FormStepsComponent/contents/basic-info/basic-info.component.spec.ts" name="BasicInfoComponent (compact spec) &gt; mapDealRasToContrato operacao por prioridade" time="0.0653327">
        </testcase>
        <testcase classname="src/app/FormStepsComponent/contents/basic-info/basic-info.component.spec.ts" name="BasicInfoComponent (compact spec) &gt; mapDealRasToContrato id usa ras-DRS-ID quando dealRAS preenchido" time="0.0657078">
        </testcase>
        <testcase classname="src/app/FormStepsComponent/contents/basic-info/basic-info.component.spec.ts" name="BasicInfoComponent (compact spec) &gt; mapDealRasToContrato id usa &apos;ras-unk&apos; quando dealRAS vazio" time="0.0644964">
        </testcase>
        <testcase classname="src/app/FormStepsComponent/contents/basic-info/basic-info.component.spec.ts" name="BasicInfoComponent (compact spec) &gt; mapDealRasToContrato chave usa &quot;-&quot; quando dealRAS undefined" time="0.0671627">
        </testcase>
        <testcase classname="src/app/FormStepsComponent/contents/basic-info/basic-info.component.spec.ts" name="BasicInfoComponent (compact spec) &gt; mapDealRasToContrato fallback quando tudo nulo" time="0.0642201">
        </testcase>
        <testcase classname="src/app/FormStepsComponent/contents/basic-info/basic-info.component.spec.ts" name="BasicInfoComponent (compact spec) &gt; confirmApplyRAS retorna cedo quando dealRAS inválido: null" time="0.064392">
        </testcase>
        <testcase classname="src/app/FormStepsComponent/contents/basic-info/basic-info.component.spec.ts" name="BasicInfoComponent (compact spec) &gt; confirmApplyRAS retorna cedo quando dealRAS inválido: undefined" time="0.0641895">
        </testcase>
        <testcase classname="src/app/FormStepsComponent/contents/basic-info/basic-info.component.spec.ts" name="BasicInfoComponent (compact spec) &gt; formatIsoToInput cobre válidos e sentinelas" time="0.0638455">
        </testcase>
        <testcase classname="src/app/FormStepsComponent/contents/basic-info/basic-info.component.spec.ts" name="BasicInfoComponent (compact spec) &gt; formatIsoToInput cobre catch via Date inválido" time="0.0668666">
        </testcase>
        <testcase classname="src/app/FormStepsComponent/contents/basic-info/basic-info.component.spec.ts" name="BasicInfoComponent (compact spec) &gt; onPrevPage respeita locks" time="0.0626099">
        </testcase>
        <testcase classname="src/app/FormStepsComponent/contents/basic-info/basic-info.component.spec.ts" name="BasicInfoComponent (compact spec) &gt; onPrevPage respeita locks" time="0.0614592">
        </testcase>
    </testsuite>
</testsuites>
