<?xml version="1.0" encoding="UTF-8" ?>
<testsuites name="Unit Tests" tests="218" failures="0" errors="0" time="3.3340418">
    <testsuite name="src/app/app.spec.ts" timestamp="2025-10-22T17:29:01.887Z" hostname="VDIX-BTG-5365" tests="2" failures="0" errors="0" skipped="0" time="0.2799626">
        <testcase classname="src/app/app.spec.ts" name="App &gt; should create the app" time="0.1914208">
        </testcase>
        <testcase classname="src/app/app.spec.ts" name="App &gt; should render form steps container" time="0.0871518">
        </testcase>
    </testsuite>
    <testsuite name="src/app/FormStepsComponent/form-steps.component.spec.ts" timestamp="2025-10-22T17:29:01.889Z" hostname="VDIX-BTG-5365" tests="51" failures="0" errors="0" skipped="0" time="0.0191086">
        <testcase classname="src/app/FormStepsComponent/form-steps.component.spec.ts" name="FormStepsComponent (Truly Isolated) &gt; Component Creation &gt; should create" time="0.0027838">
        </testcase>
        <testcase classname="src/app/FormStepsComponent/form-steps.component.spec.ts" name="FormStepsComponent (Truly Isolated) &gt; Component Creation &gt; should initialize with default steps" time="0.0006136">
        </testcase>
        <testcase classname="src/app/FormStepsComponent/form-steps.component.spec.ts" name="FormStepsComponent (Truly Isolated) &gt; Component Creation &gt; should initialize activeKey with first step" time="0.0003121">
        </testcase>
        <testcase classname="src/app/FormStepsComponent/form-steps.component.spec.ts" name="FormStepsComponent (Truly Isolated) &gt; Input Properties &gt; should accept custom steps input" time="0.0009158">
        </testcase>
        <testcase classname="src/app/FormStepsComponent/form-steps.component.spec.ts" name="FormStepsComponent (Truly Isolated) &gt; Input Properties &gt; should set activeKey when activeKeyInput is provided" time="0.0002967">
        </testcase>
        <testcase classname="src/app/FormStepsComponent/form-steps.component.spec.ts" name="FormStepsComponent (Truly Isolated) &gt; Input Properties &gt; should not change activeKey when activeKeyInput is undefined" time="0.0002299">
        </testcase>
        <testcase classname="src/app/FormStepsComponent/form-steps.component.spec.ts" name="FormStepsComponent (Truly Isolated) &gt; Input Properties &gt; should not change activeKey when activeKeyInput is empty string" time="0.0002054">
        </testcase>
        <testcase classname="src/app/FormStepsComponent/form-steps.component.spec.ts" name="FormStepsComponent (Truly Isolated) &gt; Input Properties &gt; should not change activeKey when activeKeyInput is null" time="0.0002366">
        </testcase>
        <testcase classname="src/app/FormStepsComponent/form-steps.component.spec.ts" name="FormStepsComponent (Truly Isolated) &gt; Output Events &gt; should emit stepChange when onSelect is called" time="0.0004418">
        </testcase>
        <testcase classname="src/app/FormStepsComponent/form-steps.component.spec.ts" name="FormStepsComponent (Truly Isolated) &gt; Output Events &gt; should emit back event when onBack is called" time="0.0003769">
        </testcase>
        <testcase classname="src/app/FormStepsComponent/form-steps.component.spec.ts" name="FormStepsComponent (Truly Isolated) &gt; Output Events &gt; should emit next event when onNext is called" time="0.0002739">
        </testcase>
        <testcase classname="src/app/FormStepsComponent/form-steps.component.spec.ts" name="FormStepsComponent (Truly Isolated) &gt; activeStep Method &gt; should return the current active step" time="0.0002735">
        </testcase>
        <testcase classname="src/app/FormStepsComponent/form-steps.component.spec.ts" name="FormStepsComponent (Truly Isolated) &gt; activeStep Method &gt; should return undefined when no step matches activeKey" time="0.0002232">
        </testcase>
        <testcase classname="src/app/FormStepsComponent/form-steps.component.spec.ts" name="FormStepsComponent (Truly Isolated) &gt; activeStep Method &gt; should return first matching step when multiple steps have same key" time="0.0002091">
        </testcase>
        <testcase classname="src/app/FormStepsComponent/form-steps.component.spec.ts" name="FormStepsComponent (Truly Isolated) &gt; onSelect Method &gt; should change activeKey when selecting valid step" time="0.0002107">
        </testcase>
        <testcase classname="src/app/FormStepsComponent/form-steps.component.spec.ts" name="FormStepsComponent (Truly Isolated) &gt; onSelect Method &gt; should not change activeKey when selecting disabled step" time="0.0002684">
        </testcase>
        <testcase classname="src/app/FormStepsComponent/form-steps.component.spec.ts" name="FormStepsComponent (Truly Isolated) &gt; onSelect Method &gt; should not change activeKey when selecting nonexistent step" time="0.000332">
        </testcase>
        <testcase classname="src/app/FormStepsComponent/form-steps.component.spec.ts" name="FormStepsComponent (Truly Isolated) &gt; onSelect Method &gt; should not emit stepChange when selecting disabled step" time="0.0002605">
        </testcase>
        <testcase classname="src/app/FormStepsComponent/form-steps.component.spec.ts" name="FormStepsComponent (Truly Isolated) &gt; onSelect Method &gt; should not emit stepChange when selecting nonexistent step" time="0.0002547">
        </testcase>
        <testcase classname="src/app/FormStepsComponent/form-steps.component.spec.ts" name="FormStepsComponent (Truly Isolated) &gt; onSelect Method &gt; should handle undefined step key" time="0.0002427">
        </testcase>
        <testcase classname="src/app/FormStepsComponent/form-steps.component.spec.ts" name="FormStepsComponent (Truly Isolated) &gt; onSelect Method &gt; should handle null step key" time="0.0002261">
        </testcase>
        <testcase classname="src/app/FormStepsComponent/form-steps.component.spec.ts" name="FormStepsComponent (Truly Isolated) &gt; onSelect Method &gt; should handle empty string step key" time="0.0001834">
        </testcase>
        <testcase classname="src/app/FormStepsComponent/form-steps.component.spec.ts" name="FormStepsComponent (Truly Isolated) &gt; onSelect Method &gt; should emit stepChange for valid enabled step" time="0.0002373">
        </testcase>
        <testcase classname="src/app/FormStepsComponent/form-steps.component.spec.ts" name="FormStepsComponent (Truly Isolated) &gt; onBack Method &gt; should navigate to previous step" time="0.0002081">
        </testcase>
        <testcase classname="src/app/FormStepsComponent/form-steps.component.spec.ts" name="FormStepsComponent (Truly Isolated) &gt; onBack Method &gt; should skip disabled steps when going back" time="0.0002128">
        </testcase>
        <testcase classname="src/app/FormStepsComponent/form-steps.component.spec.ts" name="FormStepsComponent (Truly Isolated) &gt; onBack Method &gt; should not change activeKey when already at first step" time="0.0001865">
        </testcase>
        <testcase classname="src/app/FormStepsComponent/form-steps.component.spec.ts" name="FormStepsComponent (Truly Isolated) &gt; onBack Method &gt; should not emit back event when no previous step available" time="0.0002039">
        </testcase>
        <testcase classname="src/app/FormStepsComponent/form-steps.component.spec.ts" name="FormStepsComponent (Truly Isolated) &gt; onBack Method &gt; should handle empty steps array" time="0.0001878">
        </testcase>
        <testcase classname="src/app/FormStepsComponent/form-steps.component.spec.ts" name="FormStepsComponent (Truly Isolated) &gt; onBack Method &gt; should handle all previous steps disabled" time="0.0002001">
        </testcase>
        <testcase classname="src/app/FormStepsComponent/form-steps.component.spec.ts" name="FormStepsComponent (Truly Isolated) &gt; onNext Method &gt; should navigate to next step" time="0.0002247">
        </testcase>
        <testcase classname="src/app/FormStepsComponent/form-steps.component.spec.ts" name="FormStepsComponent (Truly Isolated) &gt; onNext Method &gt; should skip disabled steps when going forward" time="0.0001991">
        </testcase>
        <testcase classname="src/app/FormStepsComponent/form-steps.component.spec.ts" name="FormStepsComponent (Truly Isolated) &gt; onNext Method &gt; should not change activeKey when already at last step" time="0.0001729">
        </testcase>
        <testcase classname="src/app/FormStepsComponent/form-steps.component.spec.ts" name="FormStepsComponent (Truly Isolated) &gt; onNext Method &gt; should not emit next event when no next step available" time="0.0002195">
        </testcase>
        <testcase classname="src/app/FormStepsComponent/form-steps.component.spec.ts" name="FormStepsComponent (Truly Isolated) &gt; onNext Method &gt; should handle empty steps array" time="0.0002402">
        </testcase>
        <testcase classname="src/app/FormStepsComponent/form-steps.component.spec.ts" name="FormStepsComponent (Truly Isolated) &gt; onNext Method &gt; should handle all next steps disabled" time="0.0002663">
        </testcase>
        <testcase classname="src/app/FormStepsComponent/form-steps.component.spec.ts" name="FormStepsComponent (Truly Isolated) &gt; Edge Cases &gt; should handle empty steps array" time="0.000213">
        </testcase>
        <testcase classname="src/app/FormStepsComponent/form-steps.component.spec.ts" name="FormStepsComponent (Truly Isolated) &gt; Edge Cases &gt; should handle all steps disabled" time="0.0002357">
        </testcase>
        <testcase classname="src/app/FormStepsComponent/form-steps.component.spec.ts" name="FormStepsComponent (Truly Isolated) &gt; Edge Cases &gt; should handle single step" time="0.0002762">
        </testcase>
        <testcase classname="src/app/FormStepsComponent/form-steps.component.spec.ts" name="FormStepsComponent (Truly Isolated) &gt; Edge Cases &gt; should handle steps with same key" time="0.0002125">
        </testcase>
        <testcase classname="src/app/FormStepsComponent/form-steps.component.spec.ts" name="FormStepsComponent (Truly Isolated) &gt; Edge Cases &gt; should handle steps with undefined properties" time="0.0002548">
        </testcase>
        <testcase classname="src/app/FormStepsComponent/form-steps.component.spec.ts" name="FormStepsComponent (Truly Isolated) &gt; Signal Behavior &gt; should update activeKey signal correctly" time="0.0005111">
        </testcase>
        <testcase classname="src/app/FormStepsComponent/form-steps.component.spec.ts" name="FormStepsComponent (Truly Isolated) &gt; Signal Behavior &gt; should maintain signal reactivity" time="0.0002192">
        </testcase>
        <testcase classname="src/app/FormStepsComponent/form-steps.component.spec.ts" name="FormStepsComponent (Truly Isolated) &gt; Signal Behavior &gt; should handle multiple signal updates" time="0.0002641">
        </testcase>
        <testcase classname="src/app/FormStepsComponent/form-steps.component.spec.ts" name="FormStepsComponent (Truly Isolated) &gt; Default Steps Configuration &gt; should have correct default step keys" time="0.0004772">
        </testcase>
        <testcase classname="src/app/FormStepsComponent/form-steps.component.spec.ts" name="FormStepsComponent (Truly Isolated) &gt; Default Steps Configuration &gt; should have all default steps enabled" time="0.0002437">
        </testcase>
        <testcase classname="src/app/FormStepsComponent/form-steps.component.spec.ts" name="FormStepsComponent (Truly Isolated) &gt; Default Steps Configuration &gt; should have titles and descriptions for all default steps" time="0.0007388">
        </testcase>
        <testcase classname="src/app/FormStepsComponent/form-steps.component.spec.ts" name="FormStepsComponent (Truly Isolated) &gt; Default Steps Configuration &gt; should have unique keys for default steps" time="0.0001978">
        </testcase>
        <testcase classname="src/app/FormStepsComponent/form-steps.component.spec.ts" name="FormStepsComponent (Truly Isolated) &gt; Method Coverage &gt; should cover activeStep method with various scenarios" time="0.0002395">
        </testcase>
        <testcase classname="src/app/FormStepsComponent/form-steps.component.spec.ts" name="FormStepsComponent (Truly Isolated) &gt; Method Coverage &gt; should cover all branches in onSelect" time="0.0002441">
        </testcase>
        <testcase classname="src/app/FormStepsComponent/form-steps.component.spec.ts" name="FormStepsComponent (Truly Isolated) &gt; Method Coverage &gt; should cover all branches in onBack" time="0.0001967">
        </testcase>
        <testcase classname="src/app/FormStepsComponent/form-steps.component.spec.ts" name="FormStepsComponent (Truly Isolated) &gt; Method Coverage &gt; should cover all branches in onNext" time="0.00029">
        </testcase>
    </testsuite>
    <testsuite name="src/app/stepper/step.component.spec.ts" timestamp="2025-10-22T17:29:01.903Z" hostname="VDIX-BTG-5365" tests="22" failures="0" errors="0" skipped="0" time="0.2495057">
        <testcase classname="src/app/stepper/step.component.spec.ts" name="StepComponent &gt; should create" time="0.0749126">
        </testcase>
        <testcase classname="src/app/stepper/step.component.spec.ts" name="StepComponent &gt; should return false for isActive when index differs from currentIndex" time="0.0086368">
        </testcase>
        <testcase classname="src/app/stepper/step.component.spec.ts" name="StepComponent &gt; should register step without alias using index as fallback" time="0.0084567">
        </testcase>
        <testcase classname="src/app/stepper/step.component.spec.ts" name="StepComponent &gt; should register step with alias and all properties" time="0.0055883">
        </testcase>
        <testcase classname="src/app/stepper/step.component.spec.ts" name="StepComponent &gt; should return early from renderContent when host does not exist" time="0.0065663">
        </testcase>
        <testcase classname="src/app/stepper/step.component.spec.ts" name="StepComponent &gt; should handle contentHtml rendering and re-rendering" time="0.0118681">
        </testcase>
        <testcase classname="src/app/stepper/step.component.spec.ts" name="StepComponent &gt; should handle componentType rendering with inputs and outputs" time="0.0102826">
        </testcase>
        <testcase classname="src/app/stepper/step.component.spec.ts" name="StepComponent &gt; should handle lazyLoader rendering with inputs and outputs" time="0.014895">
        </testcase>
        <testcase classname="src/app/stepper/step.component.spec.ts" name="StepComponent &gt; should handle invalid componentOutputs gracefully" time="0.0096829">
        </testcase>
        <testcase classname="src/app/stepper/step.component.spec.ts" name="StepComponent &gt; should handle componentInputs errors gracefully" time="0.0078686">
        </testcase>
        <testcase classname="src/app/stepper/step.component.spec.ts" name="StepComponent &gt; should handle onSave and unregister on ngOnDestroy" time="0.0063937">
        </testcase>
        <testcase classname="src/app/stepper/step.component.spec.ts" name="StepComponent &gt; should use index as key on ngOnDestroy without alias" time="0.0072613">
        </testcase>
        <testcase classname="src/app/stepper/step.component.spec.ts" name="StepComponent &gt; should handle HTML element cleanup and errors on ngOnDestroy" time="0.0073955">
        </testcase>
        <testcase classname="src/app/stepper/step.component.spec.ts" name="StepComponent &gt; should call renderContent on ngAfterViewInit when active and has host" time="0.0060704">
        </testcase>
        <testcase classname="src/app/stepper/step.component.spec.ts" name="StepComponent &gt; should handle contentTemplate rendering" time="0.0065039">
        </testcase>
        <testcase classname="src/app/stepper/step.component.spec.ts" name="StepComponent &gt; should clear host on hostRef setter" time="0.0056685">
        </testcase>
        <testcase classname="src/app/stepper/step.component.spec.ts" name="StepComponent &gt; should trigger renderContent when host exists and step is active" time="0.0079905">
        </testcase>
        <testcase classname="src/app/stepper/step.component.spec.ts" name="StepComponent &gt; should reset flags when host is removed" time="0.006009">
        </testcase>
        <testcase classname="src/app/stepper/step.component.spec.ts" name="StepComponent &gt; should reset contentRendered flag in ngAfterViewChecked when step becomes inactive" time="0.0063305">
        </testcase>
        <testcase classname="src/app/stepper/step.component.spec.ts" name="StepComponent &gt; should update _wasActive flag in ngAfterViewChecked" time="0.0073926">
        </testcase>
        <testcase classname="src/app/stepper/step.component.spec.ts" name="StepComponent &gt; should allow re-rendering when contentHtml changes" time="0.0157378">
        </testcase>
        <testcase classname="src/app/stepper/step.component.spec.ts" name="StepComponent &gt; should not re-render when contentHtml is the same" time="0.005766">
        </testcase>
    </testsuite>
    <testsuite name="src/app/stepper/stepper.component.spec.ts" timestamp="2025-10-22T17:29:01.911Z" hostname="VDIX-BTG-5365" tests="29" failures="0" errors="0" skipped="0" time="0.3130438">
        <testcase classname="src/app/stepper/stepper.component.spec.ts" name="StepperComponent (isolated) &gt; should create" time="0.065823">
        </testcase>
        <testcase classname="src/app/stepper/stepper.component.spec.ts" name="StepperComponent (isolated) &gt; should calculate progress percent correctly" time="0.013023">
        </testcase>
        <testcase classname="src/app/stepper/stepper.component.spec.ts" name="StepperComponent (isolated) &gt; should calculate progress percent with custom segments" time="0.0117132">
        </testcase>
        <testcase classname="src/app/stepper/stepper.component.spec.ts" name="StepperComponent (isolated) &gt; should return 0 progress when no steps" time="0.0138532">
        </testcase>
        <testcase classname="src/app/stepper/stepper.component.spec.ts" name="StepperComponent (isolated) &gt; should get steps from service" time="0.0080362">
        </testcase>
        <testcase classname="src/app/stepper/stepper.component.spec.ts" name="StepperComponent (isolated) &gt; should sync linear flag to service in ngAfterContentInit" time="0.0125801">
        </testcase>
        <testcase classname="src/app/stepper/stepper.component.spec.ts" name="StepperComponent (isolated) &gt; should update grid columns in ngAfterViewInit" time="0.0098533">
        </testcase>
        <testcase classname="src/app/stepper/stepper.component.spec.ts" name="StepperComponent (isolated) &gt; should update grid columns with correct calculations" time="0.0109674">
        </testcase>
        <testcase classname="src/app/stepper/stepper.component.spec.ts" name="StepperComponent (isolated) &gt; should handle updateGridColumns with segments &lt;= 0" time="0.009256">
        </testcase>
        <testcase classname="src/app/stepper/stepper.component.spec.ts" name="StepperComponent (isolated) &gt; should sync linear flag in ngOnChanges" time="0.0074695">
        </testcase>
        <testcase classname="src/app/stepper/stepper.component.spec.ts" name="StepperComponent (isolated) &gt; should cleanup resize listener in ngOnDestroy" time="0.0068062">
        </testcase>
        <testcase classname="src/app/stepper/stepper.component.spec.ts" name="StepperComponent (isolated) &gt; should handle step click when navigable" time="0.0066817">
        </testcase>
        <testcase classname="src/app/stepper/stepper.component.spec.ts" name="StepperComponent (isolated) &gt; should not handle step click when not navigable" time="0.0095923">
        </testcase>
        <testcase classname="src/app/stepper/stepper.component.spec.ts" name="StepperComponent (isolated) &gt; should get step classes correctly" time="0.0070063">
        </testcase>
        <testcase classname="src/app/stepper/stepper.component.spec.ts" name="StepperComponent (isolated) &gt; should get title classes with status overrides" time="0.0094747">
        </testcase>
        <testcase classname="src/app/stepper/stepper.component.spec.ts" name="StepperComponent (isolated) &gt; should get title colors by status" time="0.0080394">
        </testcase>
        <testcase classname="src/app/stepper/stepper.component.spec.ts" name="StepperComponent (isolated) &gt; should get icon class with custom icons and classes" time="0.0063757">
        </testcase>
        <testcase classname="src/app/stepper/stepper.component.spec.ts" name="StepperComponent (isolated) &gt; should handle shouldShowIcon flags" time="0.0066477">
        </testcase>
        <testcase classname="src/app/stepper/stepper.component.spec.ts" name="StepperComponent (isolated) &gt; should return true in shouldShowIcon for finished step with showIconOnFinished undefined" time="0.0069469">
        </testcase>
        <testcase classname="src/app/stepper/stepper.component.spec.ts" name="StepperComponent (isolated) &gt; should return true in shouldShowIcon for error step with showIconOnError undefined" time="0.0071388">
        </testcase>
        <testcase classname="src/app/stepper/stepper.component.spec.ts" name="StepperComponent (isolated) &gt; should get icon colors by status" time="0.013347">
        </testcase>
        <testcase classname="src/app/stepper/stepper.component.spec.ts" name="StepperComponent (isolated) &gt; should get tooltips with status overrides" time="0.0068329">
        </testcase>
        <testcase classname="src/app/stepper/stepper.component.spec.ts" name="StepperComponent (isolated) &gt; should return correct progress aria label" time="0.0083251">
        </testcase>
        <testcase classname="src/app/stepper/stepper.component.spec.ts" name="StepperComponent (isolated) &gt; should check isFirst and isLast correctly" time="0.0068418">
        </testcase>
        <testcase classname="src/app/stepper/stepper.component.spec.ts" name="StepperComponent (isolated) &gt; should handle fallback for getTitleColor, getIconClass, getIconColor, getTooltip" time="0.0068431">
        </testcase>
        <testcase classname="src/app/stepper/stepper.component.spec.ts" name="StepperComponent (isolated) &gt; should handle getStepClasses and getTitleClasses for pending/undefined status" time="0.0086126">
        </testcase>
        <testcase classname="src/app/stepper/stepper.component.spec.ts" name="StepperComponent (isolated) &gt; should handle getTooltip with only base tooltip" time="0.0064907">
        </testcase>
        <testcase classname="src/app/stepper/stepper.component.spec.ts" name="StepperComponent (isolated) &gt; should early return in updateGridColumns when width is 0" time="0.0065718">
        </testcase>
        <testcase classname="src/app/stepper/stepper.component.spec.ts" name="StepperComponent (isolated) &gt; should handle keyboard navigation (ArrowRight, ArrowLeft, Home, End) and not handle if not navigable" time="0.0096362">
        </testcase>
    </testsuite>
    <testsuite name="src/app/stepper/stepper.service.spec.ts" timestamp="2025-10-22T17:29:01.918Z" hostname="VDIX-BTG-5365" tests="28" failures="0" errors="0" skipped="0" time="0.1368626">
        <testcase classname="src/app/stepper/stepper.service.spec.ts" name="StepperService &gt; registers steps and maps aliases correctly" time="0.0218856">
        </testcase>
        <testcase classname="src/app/stepper/stepper.service.spec.ts" name="StepperService &gt; throws error when registering duplicate alias" time="0.0045509">
        </testcase>
        <testcase classname="src/app/stepper/stepper.service.spec.ts" name="StepperService &gt; navigates with goTo and updates statuses (jump applies synthetic error)" time="0.00381">
        </testcase>
        <testcase classname="src/app/stepper/stepper.service.spec.ts" name="StepperService &gt; prev/next respect boundaries and return boolean" time="0.0033994">
        </testcase>
        <testcase classname="src/app/stepper/stepper.service.spec.ts" name="StepperService &gt; setStatus by index and alias" time="0.003479">
        </testcase>
        <testcase classname="src/app/stepper/stepper.service.spec.ts" name="StepperService &gt; reset controls visited, statuses and data" time="0.006691">
        </testcase>
        <testcase classname="src/app/stepper/stepper.service.spec.ts" name="StepperService &gt; linear and debug signals can be configured" time="0.0040815">
        </testcase>
        <testcase classname="src/app/stepper/stepper.service.spec.ts" name="StepperService &gt; setLinear and setDebug update signals" time="0.0036674">
        </testcase>
        <testcase classname="src/app/stepper/stepper.service.spec.ts" name="StepperService &gt; blocks navigation when canExit returns false" time="0.0053091">
        </testcase>
        <testcase classname="src/app/stepper/stepper.service.spec.ts" name="StepperService &gt; proceeds navigation when canExit throws error" time="0.0038177">
        </testcase>
        <testcase classname="src/app/stepper/stepper.service.spec.ts" name="StepperService &gt; updates existing record with registerStep again" time="0.0029272">
        </testcase>
        <testcase classname="src/app/stepper/stepper.service.spec.ts" name="StepperService &gt; registerStep update covers overrides for icons, titles and tooltips" time="0.0027921">
        </testcase>
        <testcase classname="src/app/stepper/stepper.service.spec.ts" name="StepperService &gt; unregisterStep removes step and adjusts currentIndex" time="0.0036439">
        </testcase>
        <testcase classname="src/app/stepper/stepper.service.spec.ts" name="StepperService &gt; jumping marks visited step as finished (even with canExit)" time="0.0030278">
        </testcase>
        <testcase classname="src/app/stepper/stepper.service.spec.ts" name="StepperService &gt; reset with keepData preserves or clears data" time="0.0046213">
        </testcase>
        <testcase classname="src/app/stepper/stepper.service.spec.ts" name="StepperService &gt; visiting synthetic error with canExit keeps error and traverses branch" time="0.0044789">
        </testcase>
        <testcase classname="src/app/stepper/stepper.service.spec.ts" name="StepperService &gt; synthetic error is removed after visiting and does not block again" time="0.0026949">
        </testcase>
        <testcase classname="src/app/stepper/stepper.service.spec.ts" name="StepperService &gt; debug logging covers canExit returning false and thrown error" time="0.0025564">
        </testcase>
        <testcase classname="src/app/stepper/stepper.service.spec.ts" name="StepperService &gt; logData prints saved payload without throwing" time="0.0028695">
        </testcase>
        <testcase classname="src/app/stepper/stepper.service.spec.ts" name="StepperService &gt; navigating back finishes current step" time="0.0029517">
        </testcase>
        <testcase classname="src/app/stepper/stepper.service.spec.ts" name="StepperService &gt; invalid goTo returns false and does not change index" time="0.0032848">
        </testcase>
        <testcase classname="src/app/stepper/stepper.service.spec.ts" name="StepperService &gt; setStatus by alias updates status correctly" time="0.0031606">
        </testcase>
        <testcase classname="src/app/stepper/stepper.service.spec.ts" name="StepperService &gt; effect in constructor runs when currentIndex or stepCount changes" time="0.0085169">
        </testcase>
        <testcase classname="src/app/stepper/stepper.service.spec.ts" name="StepperService &gt; covers effect constructor logic for setting pending status on non-current steps" time="0.0033061">
        </testcase>
        <testcase classname="src/app/stepper/stepper.service.spec.ts" name="StepperService &gt; covers currentIndex adjustment when removing step at current position" time="0.0026358">
        </testcase>
        <testcase classname="src/app/stepper/stepper.service.spec.ts" name="StepperService &gt; covers effect logic when steps have existing statuses" time="0.0145996">
        </testcase>
        <testcase classname="src/app/stepper/stepper.service.spec.ts" name="StepperService &gt; covers currentIndex adjustment edge cases" time="0.0025751">
        </testcase>
        <testcase classname="src/app/stepper/stepper.service.spec.ts" name="StepperService &gt; tests if currentIndex adjustment in registerStep is ever needed" time="0.0022763">
        </testcase>
    </testsuite>
    <testsuite name="src/app/FormStepsComponent/contents/basic-info/basic-info.component.spec.ts" timestamp="2025-10-22T17:29:01.924Z" hostname="VDIX-BTG-5365" tests="15" failures="0" errors="0" skipped="0" time="0.6691505">
        <testcase classname="src/app/FormStepsComponent/contents/basic-info/basic-info.component.spec.ts" name="BasicInfoComponent &gt; should create" time="0.2240523">
            <system-err>
NG0303: Can&apos;t bind to &apos;loadingHost&apos; since it isn&apos;t a known property of &apos;div&apos; (used in the &apos;BasicInfoComponent2&apos; component template).
1. If &apos;div&apos; is an Angular component and it has the &apos;loadingHost&apos; input, then verify that it is included in the &apos;@Component.imports&apos; of this component.
2. To allow any property add &apos;NO_ERRORS_SCHEMA&apos; to the &apos;@Component.schemas&apos; of this component.
NG0303: Can&apos;t bind to &apos;overlay&apos; since it isn&apos;t a known property of &apos;div&apos; (used in the &apos;BasicInfoComponent2&apos; component template).
1. If &apos;div&apos; is an Angular component and it has the &apos;overlay&apos; input, then verify that it is included in the &apos;@Component.imports&apos; of this component.
2. To allow any property add &apos;NO_ERRORS_SCHEMA&apos; to the &apos;@Component.schemas&apos; of this component.
NG0303: Can&apos;t bind to &apos;data-table&apos; since it isn&apos;t a known property of &apos;table&apos; (used in the &apos;BasicInfoComponent2&apos; component template).
1. If &apos;table&apos; is an Angular component and it has the &apos;data-table&apos; input, then verify that it is included in the &apos;@Component.imports&apos; of this component.
2. To allow any property add &apos;NO_ERRORS_SCHEMA&apos; to the &apos;@Component.schemas&apos; of this component.
NG0303: Can&apos;t bind to &apos;data-total&apos; since it isn&apos;t a known property of &apos;table&apos; (used in the &apos;BasicInfoComponent2&apos; component template).
1. If &apos;table&apos; is an Angular component and it has the &apos;data-total&apos; input, then verify that it is included in the &apos;@Component.imports&apos; of this component.
2. To allow any property add &apos;NO_ERRORS_SCHEMA&apos; to the &apos;@Component.schemas&apos; of this component.
NG0303: Can&apos;t bind to &apos;data-page-size&apos; since it isn&apos;t a known property of &apos;table&apos; (used in the &apos;BasicInfoComponent2&apos; component template).
1. If &apos;table&apos; is an Angular component and it has the &apos;data-page-size&apos; input, then verify that it is included in the &apos;@Component.imports&apos; of this component.
2. To allow any property add &apos;NO_ERRORS_SCHEMA&apos; to the &apos;@Component.schemas&apos; of this component.
NG0303: Can&apos;t bind to &apos;data-show-selector&apos; since it isn&apos;t a known property of &apos;table&apos; (used in the &apos;BasicInfoComponent2&apos; component template).
1. If &apos;table&apos; is an Angular component and it has the &apos;data-show-selector&apos; input, then verify that it is included in the &apos;@Component.imports&apos; of this component.
2. To allow any property add &apos;NO_ERRORS_SCHEMA&apos; to the &apos;@Component.schemas&apos; of this component.
NG0303: Can&apos;t bind to &apos;data-show-item-count&apos; since it isn&apos;t a known property of &apos;table&apos; (used in the &apos;BasicInfoComponent2&apos; component template).
1. If &apos;table&apos; is an Angular component and it has the &apos;data-show-item-count&apos; input, then verify that it is included in the &apos;@Component.imports&apos; of this component.
2. To allow any property add &apos;NO_ERRORS_SCHEMA&apos; to the &apos;@Component.schemas&apos; of this component.

            </system-err>
        </testcase>
        <testcase classname="src/app/FormStepsComponent/contents/basic-info/basic-info.component.spec.ts" name="BasicInfoComponent &gt; should initialize form" time="0.0396227">
            <system-err>
NG0303: Can&apos;t bind to &apos;loadingHost&apos; since it isn&apos;t a known property of &apos;div&apos; (used in the &apos;BasicInfoComponent2&apos; component template).
1. If &apos;div&apos; is an Angular component and it has the &apos;loadingHost&apos; input, then verify that it is included in the &apos;@Component.imports&apos; of this component.
2. To allow any property add &apos;NO_ERRORS_SCHEMA&apos; to the &apos;@Component.schemas&apos; of this component.
NG0303: Can&apos;t bind to &apos;overlay&apos; since it isn&apos;t a known property of &apos;div&apos; (used in the &apos;BasicInfoComponent2&apos; component template).
1. If &apos;div&apos; is an Angular component and it has the &apos;overlay&apos; input, then verify that it is included in the &apos;@Component.imports&apos; of this component.
2. To allow any property add &apos;NO_ERRORS_SCHEMA&apos; to the &apos;@Component.schemas&apos; of this component.
NG0303: Can&apos;t bind to &apos;data-table&apos; since it isn&apos;t a known property of &apos;table&apos; (used in the &apos;BasicInfoComponent2&apos; component template).
1. If &apos;table&apos; is an Angular component and it has the &apos;data-table&apos; input, then verify that it is included in the &apos;@Component.imports&apos; of this component.
2. To allow any property add &apos;NO_ERRORS_SCHEMA&apos; to the &apos;@Component.schemas&apos; of this component.
NG0303: Can&apos;t bind to &apos;data-total&apos; since it isn&apos;t a known property of &apos;table&apos; (used in the &apos;BasicInfoComponent2&apos; component template).
1. If &apos;table&apos; is an Angular component and it has the &apos;data-total&apos; input, then verify that it is included in the &apos;@Component.imports&apos; of this component.
2. To allow any property add &apos;NO_ERRORS_SCHEMA&apos; to the &apos;@Component.schemas&apos; of this component.
NG0303: Can&apos;t bind to &apos;data-page-size&apos; since it isn&apos;t a known property of &apos;table&apos; (used in the &apos;BasicInfoComponent2&apos; component template).
1. If &apos;table&apos; is an Angular component and it has the &apos;data-page-size&apos; input, then verify that it is included in the &apos;@Component.imports&apos; of this component.
2. To allow any property add &apos;NO_ERRORS_SCHEMA&apos; to the &apos;@Component.schemas&apos; of this component.
NG0303: Can&apos;t bind to &apos;data-show-selector&apos; since it isn&apos;t a known property of &apos;table&apos; (used in the &apos;BasicInfoComponent2&apos; component template).
1. If &apos;table&apos; is an Angular component and it has the &apos;data-show-selector&apos; input, then verify that it is included in the &apos;@Component.imports&apos; of this component.
2. To allow any property add &apos;NO_ERRORS_SCHEMA&apos; to the &apos;@Component.schemas&apos; of this component.
NG0303: Can&apos;t bind to &apos;data-show-item-count&apos; since it isn&apos;t a known property of &apos;table&apos; (used in the &apos;BasicInfoComponent2&apos; component template).
1. If &apos;table&apos; is an Angular component and it has the &apos;data-show-item-count&apos; input, then verify that it is included in the &apos;@Component.imports&apos; of this component.
2. To allow any property add &apos;NO_ERRORS_SCHEMA&apos; to the &apos;@Component.schemas&apos; of this component.

            </system-err>
        </testcase>
        <testcase classname="src/app/FormStepsComponent/contents/basic-info/basic-info.component.spec.ts" name="BasicInfoComponent &gt; should have form controls" time="0.0322298">
            <system-err>
NG0303: Can&apos;t bind to &apos;loadingHost&apos; since it isn&apos;t a known property of &apos;div&apos; (used in the &apos;BasicInfoComponent2&apos; component template).
1. If &apos;div&apos; is an Angular component and it has the &apos;loadingHost&apos; input, then verify that it is included in the &apos;@Component.imports&apos; of this component.
2. To allow any property add &apos;NO_ERRORS_SCHEMA&apos; to the &apos;@Component.schemas&apos; of this component.
NG0303: Can&apos;t bind to &apos;overlay&apos; since it isn&apos;t a known property of &apos;div&apos; (used in the &apos;BasicInfoComponent2&apos; component template).
1. If &apos;div&apos; is an Angular component and it has the &apos;overlay&apos; input, then verify that it is included in the &apos;@Component.imports&apos; of this component.
2. To allow any property add &apos;NO_ERRORS_SCHEMA&apos; to the &apos;@Component.schemas&apos; of this component.
NG0303: Can&apos;t bind to &apos;data-table&apos; since it isn&apos;t a known property of &apos;table&apos; (used in the &apos;BasicInfoComponent2&apos; component template).
1. If &apos;table&apos; is an Angular component and it has the &apos;data-table&apos; input, then verify that it is included in the &apos;@Component.imports&apos; of this component.
2. To allow any property add &apos;NO_ERRORS_SCHEMA&apos; to the &apos;@Component.schemas&apos; of this component.
NG0303: Can&apos;t bind to &apos;data-total&apos; since it isn&apos;t a known property of &apos;table&apos; (used in the &apos;BasicInfoComponent2&apos; component template).
1. If &apos;table&apos; is an Angular component and it has the &apos;data-total&apos; input, then verify that it is included in the &apos;@Component.imports&apos; of this component.
2. To allow any property add &apos;NO_ERRORS_SCHEMA&apos; to the &apos;@Component.schemas&apos; of this component.
NG0303: Can&apos;t bind to &apos;data-page-size&apos; since it isn&apos;t a known property of &apos;table&apos; (used in the &apos;BasicInfoComponent2&apos; component template).
1. If &apos;table&apos; is an Angular component and it has the &apos;data-page-size&apos; input, then verify that it is included in the &apos;@Component.imports&apos; of this component.
2. To allow any property add &apos;NO_ERRORS_SCHEMA&apos; to the &apos;@Component.schemas&apos; of this component.
NG0303: Can&apos;t bind to &apos;data-show-selector&apos; since it isn&apos;t a known property of &apos;table&apos; (used in the &apos;BasicInfoComponent2&apos; component template).
1. If &apos;table&apos; is an Angular component and it has the &apos;data-show-selector&apos; input, then verify that it is included in the &apos;@Component.imports&apos; of this component.
2. To allow any property add &apos;NO_ERRORS_SCHEMA&apos; to the &apos;@Component.schemas&apos; of this component.
NG0303: Can&apos;t bind to &apos;data-show-item-count&apos; since it isn&apos;t a known property of &apos;table&apos; (used in the &apos;BasicInfoComponent2&apos; component template).
1. If &apos;table&apos; is an Angular component and it has the &apos;data-show-item-count&apos; input, then verify that it is included in the &apos;@Component.imports&apos; of this component.
2. To allow any property add &apos;NO_ERRORS_SCHEMA&apos; to the &apos;@Component.schemas&apos; of this component.

            </system-err>
        </testcase>
        <testcase classname="src/app/FormStepsComponent/contents/basic-info/basic-info.component.spec.ts" name="BasicInfoComponent &gt; should have tiposBaixa array" time="0.0349757">
            <system-err>
NG0303: Can&apos;t bind to &apos;loadingHost&apos; since it isn&apos;t a known property of &apos;div&apos; (used in the &apos;BasicInfoComponent2&apos; component template).
1. If &apos;div&apos; is an Angular component and it has the &apos;loadingHost&apos; input, then verify that it is included in the &apos;@Component.imports&apos; of this component.
2. To allow any property add &apos;NO_ERRORS_SCHEMA&apos; to the &apos;@Component.schemas&apos; of this component.
NG0303: Can&apos;t bind to &apos;overlay&apos; since it isn&apos;t a known property of &apos;div&apos; (used in the &apos;BasicInfoComponent2&apos; component template).
1. If &apos;div&apos; is an Angular component and it has the &apos;overlay&apos; input, then verify that it is included in the &apos;@Component.imports&apos; of this component.
2. To allow any property add &apos;NO_ERRORS_SCHEMA&apos; to the &apos;@Component.schemas&apos; of this component.
NG0303: Can&apos;t bind to &apos;data-table&apos; since it isn&apos;t a known property of &apos;table&apos; (used in the &apos;BasicInfoComponent2&apos; component template).
1. If &apos;table&apos; is an Angular component and it has the &apos;data-table&apos; input, then verify that it is included in the &apos;@Component.imports&apos; of this component.
2. To allow any property add &apos;NO_ERRORS_SCHEMA&apos; to the &apos;@Component.schemas&apos; of this component.
NG0303: Can&apos;t bind to &apos;data-total&apos; since it isn&apos;t a known property of &apos;table&apos; (used in the &apos;BasicInfoComponent2&apos; component template).
1. If &apos;table&apos; is an Angular component and it has the &apos;data-total&apos; input, then verify that it is included in the &apos;@Component.imports&apos; of this component.
2. To allow any property add &apos;NO_ERRORS_SCHEMA&apos; to the &apos;@Component.schemas&apos; of this component.
NG0303: Can&apos;t bind to &apos;data-page-size&apos; since it isn&apos;t a known property of &apos;table&apos; (used in the &apos;BasicInfoComponent2&apos; component template).
1. If &apos;table&apos; is an Angular component and it has the &apos;data-page-size&apos; input, then verify that it is included in the &apos;@Component.imports&apos; of this component.
2. To allow any property add &apos;NO_ERRORS_SCHEMA&apos; to the &apos;@Component.schemas&apos; of this component.
NG0303: Can&apos;t bind to &apos;data-show-selector&apos; since it isn&apos;t a known property of &apos;table&apos; (used in the &apos;BasicInfoComponent2&apos; component template).
1. If &apos;table&apos; is an Angular component and it has the &apos;data-show-selector&apos; input, then verify that it is included in the &apos;@Component.imports&apos; of this component.
2. To allow any property add &apos;NO_ERRORS_SCHEMA&apos; to the &apos;@Component.schemas&apos; of this component.
NG0303: Can&apos;t bind to &apos;data-show-item-count&apos; since it isn&apos;t a known property of &apos;table&apos; (used in the &apos;BasicInfoComponent2&apos; component template).
1. If &apos;table&apos; is an Angular component and it has the &apos;data-show-item-count&apos; input, then verify that it is included in the &apos;@Component.imports&apos; of this component.
2. To allow any property add &apos;NO_ERRORS_SCHEMA&apos; to the &apos;@Component.schemas&apos; of this component.

            </system-err>
        </testcase>
        <testcase classname="src/app/FormStepsComponent/contents/basic-info/basic-info.component.spec.ts" name="BasicInfoComponent &gt; should have observables defined" time="0.0455498">
            <system-err>
NG0303: Can&apos;t bind to &apos;loadingHost&apos; since it isn&apos;t a known property of &apos;div&apos; (used in the &apos;BasicInfoComponent2&apos; component template).
1. If &apos;div&apos; is an Angular component and it has the &apos;loadingHost&apos; input, then verify that it is included in the &apos;@Component.imports&apos; of this component.
2. To allow any property add &apos;NO_ERRORS_SCHEMA&apos; to the &apos;@Component.schemas&apos; of this component.
NG0303: Can&apos;t bind to &apos;overlay&apos; since it isn&apos;t a known property of &apos;div&apos; (used in the &apos;BasicInfoComponent2&apos; component template).
1. If &apos;div&apos; is an Angular component and it has the &apos;overlay&apos; input, then verify that it is included in the &apos;@Component.imports&apos; of this component.
2. To allow any property add &apos;NO_ERRORS_SCHEMA&apos; to the &apos;@Component.schemas&apos; of this component.
NG0303: Can&apos;t bind to &apos;data-table&apos; since it isn&apos;t a known property of &apos;table&apos; (used in the &apos;BasicInfoComponent2&apos; component template).
1. If &apos;table&apos; is an Angular component and it has the &apos;data-table&apos; input, then verify that it is included in the &apos;@Component.imports&apos; of this component.
2. To allow any property add &apos;NO_ERRORS_SCHEMA&apos; to the &apos;@Component.schemas&apos; of this component.
NG0303: Can&apos;t bind to &apos;data-total&apos; since it isn&apos;t a known property of &apos;table&apos; (used in the &apos;BasicInfoComponent2&apos; component template).
1. If &apos;table&apos; is an Angular component and it has the &apos;data-total&apos; input, then verify that it is included in the &apos;@Component.imports&apos; of this component.
2. To allow any property add &apos;NO_ERRORS_SCHEMA&apos; to the &apos;@Component.schemas&apos; of this component.
NG0303: Can&apos;t bind to &apos;data-page-size&apos; since it isn&apos;t a known property of &apos;table&apos; (used in the &apos;BasicInfoComponent2&apos; component template).
1. If &apos;table&apos; is an Angular component and it has the &apos;data-page-size&apos; input, then verify that it is included in the &apos;@Component.imports&apos; of this component.
2. To allow any property add &apos;NO_ERRORS_SCHEMA&apos; to the &apos;@Component.schemas&apos; of this component.
NG0303: Can&apos;t bind to &apos;data-show-selector&apos; since it isn&apos;t a known property of &apos;table&apos; (used in the &apos;BasicInfoComponent2&apos; component template).
1. If &apos;table&apos; is an Angular component and it has the &apos;data-show-selector&apos; input, then verify that it is included in the &apos;@Component.imports&apos; of this component.
2. To allow any property add &apos;NO_ERRORS_SCHEMA&apos; to the &apos;@Component.schemas&apos; of this component.
NG0303: Can&apos;t bind to &apos;data-show-item-count&apos; since it isn&apos;t a known property of &apos;table&apos; (used in the &apos;BasicInfoComponent2&apos; component template).
1. If &apos;table&apos; is an Angular component and it has the &apos;data-show-item-count&apos; input, then verify that it is included in the &apos;@Component.imports&apos; of this component.
2. To allow any property add &apos;NO_ERRORS_SCHEMA&apos; to the &apos;@Component.schemas&apos; of this component.

            </system-err>
        </testcase>
        <testcase classname="src/app/FormStepsComponent/contents/basic-info/basic-info.component.spec.ts" name="BasicInfoComponent &gt; should have observables from service" time="0.0364833">
            <system-err>
NG0303: Can&apos;t bind to &apos;loadingHost&apos; since it isn&apos;t a known property of &apos;div&apos; (used in the &apos;BasicInfoComponent2&apos; component template).
1. If &apos;div&apos; is an Angular component and it has the &apos;loadingHost&apos; input, then verify that it is included in the &apos;@Component.imports&apos; of this component.
2. To allow any property add &apos;NO_ERRORS_SCHEMA&apos; to the &apos;@Component.schemas&apos; of this component.
NG0303: Can&apos;t bind to &apos;overlay&apos; since it isn&apos;t a known property of &apos;div&apos; (used in the &apos;BasicInfoComponent2&apos; component template).
1. If &apos;div&apos; is an Angular component and it has the &apos;overlay&apos; input, then verify that it is included in the &apos;@Component.imports&apos; of this component.
2. To allow any property add &apos;NO_ERRORS_SCHEMA&apos; to the &apos;@Component.schemas&apos; of this component.
NG0303: Can&apos;t bind to &apos;data-table&apos; since it isn&apos;t a known property of &apos;table&apos; (used in the &apos;BasicInfoComponent2&apos; component template).
1. If &apos;table&apos; is an Angular component and it has the &apos;data-table&apos; input, then verify that it is included in the &apos;@Component.imports&apos; of this component.
2. To allow any property add &apos;NO_ERRORS_SCHEMA&apos; to the &apos;@Component.schemas&apos; of this component.
NG0303: Can&apos;t bind to &apos;data-total&apos; since it isn&apos;t a known property of &apos;table&apos; (used in the &apos;BasicInfoComponent2&apos; component template).
1. If &apos;table&apos; is an Angular component and it has the &apos;data-total&apos; input, then verify that it is included in the &apos;@Component.imports&apos; of this component.
2. To allow any property add &apos;NO_ERRORS_SCHEMA&apos; to the &apos;@Component.schemas&apos; of this component.
NG0303: Can&apos;t bind to &apos;data-page-size&apos; since it isn&apos;t a known property of &apos;table&apos; (used in the &apos;BasicInfoComponent2&apos; component template).
1. If &apos;table&apos; is an Angular component and it has the &apos;data-page-size&apos; input, then verify that it is included in the &apos;@Component.imports&apos; of this component.
2. To allow any property add &apos;NO_ERRORS_SCHEMA&apos; to the &apos;@Component.schemas&apos; of this component.
NG0303: Can&apos;t bind to &apos;data-show-selector&apos; since it isn&apos;t a known property of &apos;table&apos; (used in the &apos;BasicInfoComponent2&apos; component template).
1. If &apos;table&apos; is an Angular component and it has the &apos;data-show-selector&apos; input, then verify that it is included in the &apos;@Component.imports&apos; of this component.
2. To allow any property add &apos;NO_ERRORS_SCHEMA&apos; to the &apos;@Component.schemas&apos; of this component.
NG0303: Can&apos;t bind to &apos;data-show-item-count&apos; since it isn&apos;t a known property of &apos;table&apos; (used in the &apos;BasicInfoComponent2&apos; component template).
1. If &apos;table&apos; is an Angular component and it has the &apos;data-show-item-count&apos; input, then verify that it is included in the &apos;@Component.imports&apos; of this component.
2. To allow any property add &apos;NO_ERRORS_SCHEMA&apos; to the &apos;@Component.schemas&apos; of this component.

            </system-err>
        </testcase>
        <testcase classname="src/app/FormStepsComponent/contents/basic-info/basic-info.component.spec.ts" name="BasicInfoComponent &gt; formatIsoToInput should format valid ISO to yyyy-MM-dd" time="0.0377626">
            <system-err>
NG0303: Can&apos;t bind to &apos;loadingHost&apos; since it isn&apos;t a known property of &apos;div&apos; (used in the &apos;BasicInfoComponent2&apos; component template).
1. If &apos;div&apos; is an Angular component and it has the &apos;loadingHost&apos; input, then verify that it is included in the &apos;@Component.imports&apos; of this component.
2. To allow any property add &apos;NO_ERRORS_SCHEMA&apos; to the &apos;@Component.schemas&apos; of this component.
NG0303: Can&apos;t bind to &apos;overlay&apos; since it isn&apos;t a known property of &apos;div&apos; (used in the &apos;BasicInfoComponent2&apos; component template).
1. If &apos;div&apos; is an Angular component and it has the &apos;overlay&apos; input, then verify that it is included in the &apos;@Component.imports&apos; of this component.
2. To allow any property add &apos;NO_ERRORS_SCHEMA&apos; to the &apos;@Component.schemas&apos; of this component.
NG0303: Can&apos;t bind to &apos;data-table&apos; since it isn&apos;t a known property of &apos;table&apos; (used in the &apos;BasicInfoComponent2&apos; component template).
1. If &apos;table&apos; is an Angular component and it has the &apos;data-table&apos; input, then verify that it is included in the &apos;@Component.imports&apos; of this component.
2. To allow any property add &apos;NO_ERRORS_SCHEMA&apos; to the &apos;@Component.schemas&apos; of this component.
NG0303: Can&apos;t bind to &apos;data-total&apos; since it isn&apos;t a known property of &apos;table&apos; (used in the &apos;BasicInfoComponent2&apos; component template).
1. If &apos;table&apos; is an Angular component and it has the &apos;data-total&apos; input, then verify that it is included in the &apos;@Component.imports&apos; of this component.
2. To allow any property add &apos;NO_ERRORS_SCHEMA&apos; to the &apos;@Component.schemas&apos; of this component.
NG0303: Can&apos;t bind to &apos;data-page-size&apos; since it isn&apos;t a known property of &apos;table&apos; (used in the &apos;BasicInfoComponent2&apos; component template).
1. If &apos;table&apos; is an Angular component and it has the &apos;data-page-size&apos; input, then verify that it is included in the &apos;@Component.imports&apos; of this component.
2. To allow any property add &apos;NO_ERRORS_SCHEMA&apos; to the &apos;@Component.schemas&apos; of this component.
NG0303: Can&apos;t bind to &apos;data-show-selector&apos; since it isn&apos;t a known property of &apos;table&apos; (used in the &apos;BasicInfoComponent2&apos; component template).
1. If &apos;table&apos; is an Angular component and it has the &apos;data-show-selector&apos; input, then verify that it is included in the &apos;@Component.imports&apos; of this component.
2. To allow any property add &apos;NO_ERRORS_SCHEMA&apos; to the &apos;@Component.schemas&apos; of this component.
NG0303: Can&apos;t bind to &apos;data-show-item-count&apos; since it isn&apos;t a known property of &apos;table&apos; (used in the &apos;BasicInfoComponent2&apos; component template).
1. If &apos;table&apos; is an Angular component and it has the &apos;data-show-item-count&apos; input, then verify that it is included in the &apos;@Component.imports&apos; of this component.
2. To allow any property add &apos;NO_ERRORS_SCHEMA&apos; to the &apos;@Component.schemas&apos; of this component.

            </system-err>
        </testcase>
        <testcase classname="src/app/FormStepsComponent/contents/basic-info/basic-info.component.spec.ts" name="BasicInfoComponent &gt; formatIsoToInput should return empty for invalid and sentinel date" time="0.0237614">
            <system-err>
NG0303: Can&apos;t bind to &apos;loadingHost&apos; since it isn&apos;t a known property of &apos;div&apos; (used in the &apos;BasicInfoComponent2&apos; component template).
1. If &apos;div&apos; is an Angular component and it has the &apos;loadingHost&apos; input, then verify that it is included in the &apos;@Component.imports&apos; of this component.
2. To allow any property add &apos;NO_ERRORS_SCHEMA&apos; to the &apos;@Component.schemas&apos; of this component.
NG0303: Can&apos;t bind to &apos;overlay&apos; since it isn&apos;t a known property of &apos;div&apos; (used in the &apos;BasicInfoComponent2&apos; component template).
1. If &apos;div&apos; is an Angular component and it has the &apos;overlay&apos; input, then verify that it is included in the &apos;@Component.imports&apos; of this component.
2. To allow any property add &apos;NO_ERRORS_SCHEMA&apos; to the &apos;@Component.schemas&apos; of this component.
NG0303: Can&apos;t bind to &apos;data-table&apos; since it isn&apos;t a known property of &apos;table&apos; (used in the &apos;BasicInfoComponent2&apos; component template).
1. If &apos;table&apos; is an Angular component and it has the &apos;data-table&apos; input, then verify that it is included in the &apos;@Component.imports&apos; of this component.
2. To allow any property add &apos;NO_ERRORS_SCHEMA&apos; to the &apos;@Component.schemas&apos; of this component.
NG0303: Can&apos;t bind to &apos;data-total&apos; since it isn&apos;t a known property of &apos;table&apos; (used in the &apos;BasicInfoComponent2&apos; component template).
1. If &apos;table&apos; is an Angular component and it has the &apos;data-total&apos; input, then verify that it is included in the &apos;@Component.imports&apos; of this component.
2. To allow any property add &apos;NO_ERRORS_SCHEMA&apos; to the &apos;@Component.schemas&apos; of this component.
NG0303: Can&apos;t bind to &apos;data-page-size&apos; since it isn&apos;t a known property of &apos;table&apos; (used in the &apos;BasicInfoComponent2&apos; component template).
1. If &apos;table&apos; is an Angular component and it has the &apos;data-page-size&apos; input, then verify that it is included in the &apos;@Component.imports&apos; of this component.
2. To allow any property add &apos;NO_ERRORS_SCHEMA&apos; to the &apos;@Component.schemas&apos; of this component.
NG0303: Can&apos;t bind to &apos;data-show-selector&apos; since it isn&apos;t a known property of &apos;table&apos; (used in the &apos;BasicInfoComponent2&apos; component template).
1. If &apos;table&apos; is an Angular component and it has the &apos;data-show-selector&apos; input, then verify that it is included in the &apos;@Component.imports&apos; of this component.
2. To allow any property add &apos;NO_ERRORS_SCHEMA&apos; to the &apos;@Component.schemas&apos; of this component.
NG0303: Can&apos;t bind to &apos;data-show-item-count&apos; since it isn&apos;t a known property of &apos;table&apos; (used in the &apos;BasicInfoComponent2&apos; component template).
1. If &apos;table&apos; is an Angular component and it has the &apos;data-show-item-count&apos; input, then verify that it is included in the &apos;@Component.imports&apos; of this component.
2. To allow any property add &apos;NO_ERRORS_SCHEMA&apos; to the &apos;@Component.schemas&apos; of this component.

            </system-err>
        </testcase>
        <testcase classname="src/app/FormStepsComponent/contents/basic-info/basic-info.component.spec.ts" name="BasicInfoComponent &gt; mapDealRasToContrato should build Contrato correctly" time="0.0290002">
            <system-err>
NG0303: Can&apos;t bind to &apos;loadingHost&apos; since it isn&apos;t a known property of &apos;div&apos; (used in the &apos;BasicInfoComponent2&apos; component template).
1. If &apos;div&apos; is an Angular component and it has the &apos;loadingHost&apos; input, then verify that it is included in the &apos;@Component.imports&apos; of this component.
2. To allow any property add &apos;NO_ERRORS_SCHEMA&apos; to the &apos;@Component.schemas&apos; of this component.
NG0303: Can&apos;t bind to &apos;overlay&apos; since it isn&apos;t a known property of &apos;div&apos; (used in the &apos;BasicInfoComponent2&apos; component template).
1. If &apos;div&apos; is an Angular component and it has the &apos;overlay&apos; input, then verify that it is included in the &apos;@Component.imports&apos; of this component.
2. To allow any property add &apos;NO_ERRORS_SCHEMA&apos; to the &apos;@Component.schemas&apos; of this component.
NG0303: Can&apos;t bind to &apos;data-table&apos; since it isn&apos;t a known property of &apos;table&apos; (used in the &apos;BasicInfoComponent2&apos; component template).
1. If &apos;table&apos; is an Angular component and it has the &apos;data-table&apos; input, then verify that it is included in the &apos;@Component.imports&apos; of this component.
2. To allow any property add &apos;NO_ERRORS_SCHEMA&apos; to the &apos;@Component.schemas&apos; of this component.
NG0303: Can&apos;t bind to &apos;data-total&apos; since it isn&apos;t a known property of &apos;table&apos; (used in the &apos;BasicInfoComponent2&apos; component template).
1. If &apos;table&apos; is an Angular component and it has the &apos;data-total&apos; input, then verify that it is included in the &apos;@Component.imports&apos; of this component.
2. To allow any property add &apos;NO_ERRORS_SCHEMA&apos; to the &apos;@Component.schemas&apos; of this component.
NG0303: Can&apos;t bind to &apos;data-page-size&apos; since it isn&apos;t a known property of &apos;table&apos; (used in the &apos;BasicInfoComponent2&apos; component template).
1. If &apos;table&apos; is an Angular component and it has the &apos;data-page-size&apos; input, then verify that it is included in the &apos;@Component.imports&apos; of this component.
2. To allow any property add &apos;NO_ERRORS_SCHEMA&apos; to the &apos;@Component.schemas&apos; of this component.
NG0303: Can&apos;t bind to &apos;data-show-selector&apos; since it isn&apos;t a known property of &apos;table&apos; (used in the &apos;BasicInfoComponent2&apos; component template).
1. If &apos;table&apos; is an Angular component and it has the &apos;data-show-selector&apos; input, then verify that it is included in the &apos;@Component.imports&apos; of this component.
2. To allow any property add &apos;NO_ERRORS_SCHEMA&apos; to the &apos;@Component.schemas&apos; of this component.
NG0303: Can&apos;t bind to &apos;data-show-item-count&apos; since it isn&apos;t a known property of &apos;table&apos; (used in the &apos;BasicInfoComponent2&apos; component template).
1. If &apos;table&apos; is an Angular component and it has the &apos;data-show-item-count&apos; input, then verify that it is included in the &apos;@Component.imports&apos; of this component.
2. To allow any property add &apos;NO_ERRORS_SCHEMA&apos; to the &apos;@Component.schemas&apos; of this component.

            </system-err>
        </testcase>
        <testcase classname="src/app/FormStepsComponent/contents/basic-info/basic-info.component.spec.ts" name="BasicInfoComponent &gt; applyRasToForm should fill form with formatted dates" time="0.0244077">
            <system-err>
NG0303: Can&apos;t bind to &apos;loadingHost&apos; since it isn&apos;t a known property of &apos;div&apos; (used in the &apos;BasicInfoComponent2&apos; component template).
1. If &apos;div&apos; is an Angular component and it has the &apos;loadingHost&apos; input, then verify that it is included in the &apos;@Component.imports&apos; of this component.
2. To allow any property add &apos;NO_ERRORS_SCHEMA&apos; to the &apos;@Component.schemas&apos; of this component.
NG0303: Can&apos;t bind to &apos;overlay&apos; since it isn&apos;t a known property of &apos;div&apos; (used in the &apos;BasicInfoComponent2&apos; component template).
1. If &apos;div&apos; is an Angular component and it has the &apos;overlay&apos; input, then verify that it is included in the &apos;@Component.imports&apos; of this component.
2. To allow any property add &apos;NO_ERRORS_SCHEMA&apos; to the &apos;@Component.schemas&apos; of this component.
NG0303: Can&apos;t bind to &apos;data-table&apos; since it isn&apos;t a known property of &apos;table&apos; (used in the &apos;BasicInfoComponent2&apos; component template).
1. If &apos;table&apos; is an Angular component and it has the &apos;data-table&apos; input, then verify that it is included in the &apos;@Component.imports&apos; of this component.
2. To allow any property add &apos;NO_ERRORS_SCHEMA&apos; to the &apos;@Component.schemas&apos; of this component.
NG0303: Can&apos;t bind to &apos;data-total&apos; since it isn&apos;t a known property of &apos;table&apos; (used in the &apos;BasicInfoComponent2&apos; component template).
1. If &apos;table&apos; is an Angular component and it has the &apos;data-total&apos; input, then verify that it is included in the &apos;@Component.imports&apos; of this component.
2. To allow any property add &apos;NO_ERRORS_SCHEMA&apos; to the &apos;@Component.schemas&apos; of this component.
NG0303: Can&apos;t bind to &apos;data-page-size&apos; since it isn&apos;t a known property of &apos;table&apos; (used in the &apos;BasicInfoComponent2&apos; component template).
1. If &apos;table&apos; is an Angular component and it has the &apos;data-page-size&apos; input, then verify that it is included in the &apos;@Component.imports&apos; of this component.
2. To allow any property add &apos;NO_ERRORS_SCHEMA&apos; to the &apos;@Component.schemas&apos; of this component.
NG0303: Can&apos;t bind to &apos;data-show-selector&apos; since it isn&apos;t a known property of &apos;table&apos; (used in the &apos;BasicInfoComponent2&apos; component template).
1. If &apos;table&apos; is an Angular component and it has the &apos;data-show-selector&apos; input, then verify that it is included in the &apos;@Component.imports&apos; of this component.
2. To allow any property add &apos;NO_ERRORS_SCHEMA&apos; to the &apos;@Component.schemas&apos; of this component.
NG0303: Can&apos;t bind to &apos;data-show-item-count&apos; since it isn&apos;t a known property of &apos;table&apos; (used in the &apos;BasicInfoComponent2&apos; component template).
1. If &apos;table&apos; is an Angular component and it has the &apos;data-show-item-count&apos; input, then verify that it is included in the &apos;@Component.imports&apos; of this component.
2. To allow any property add &apos;NO_ERRORS_SCHEMA&apos; to the &apos;@Component.schemas&apos; of this component.

            </system-err>
        </testcase>
        <testcase classname="src/app/FormStepsComponent/contents/basic-info/basic-info.component.spec.ts" name="BasicInfoComponent &gt; performApplyRAS should fetch, apply and lock states correctly" time="0.0309221">
            <system-err>
NG0303: Can&apos;t bind to &apos;loadingHost&apos; since it isn&apos;t a known property of &apos;div&apos; (used in the &apos;BasicInfoComponent2&apos; component template).
1. If &apos;div&apos; is an Angular component and it has the &apos;loadingHost&apos; input, then verify that it is included in the &apos;@Component.imports&apos; of this component.
2. To allow any property add &apos;NO_ERRORS_SCHEMA&apos; to the &apos;@Component.schemas&apos; of this component.
NG0303: Can&apos;t bind to &apos;overlay&apos; since it isn&apos;t a known property of &apos;div&apos; (used in the &apos;BasicInfoComponent2&apos; component template).
1. If &apos;div&apos; is an Angular component and it has the &apos;overlay&apos; input, then verify that it is included in the &apos;@Component.imports&apos; of this component.
2. To allow any property add &apos;NO_ERRORS_SCHEMA&apos; to the &apos;@Component.schemas&apos; of this component.
NG0303: Can&apos;t bind to &apos;data-table&apos; since it isn&apos;t a known property of &apos;table&apos; (used in the &apos;BasicInfoComponent2&apos; component template).
1. If &apos;table&apos; is an Angular component and it has the &apos;data-table&apos; input, then verify that it is included in the &apos;@Component.imports&apos; of this component.
2. To allow any property add &apos;NO_ERRORS_SCHEMA&apos; to the &apos;@Component.schemas&apos; of this component.
NG0303: Can&apos;t bind to &apos;data-total&apos; since it isn&apos;t a known property of &apos;table&apos; (used in the &apos;BasicInfoComponent2&apos; component template).
1. If &apos;table&apos; is an Angular component and it has the &apos;data-total&apos; input, then verify that it is included in the &apos;@Component.imports&apos; of this component.
2. To allow any property add &apos;NO_ERRORS_SCHEMA&apos; to the &apos;@Component.schemas&apos; of this component.
NG0303: Can&apos;t bind to &apos;data-page-size&apos; since it isn&apos;t a known property of &apos;table&apos; (used in the &apos;BasicInfoComponent2&apos; component template).
1. If &apos;table&apos; is an Angular component and it has the &apos;data-page-size&apos; input, then verify that it is included in the &apos;@Component.imports&apos; of this component.
2. To allow any property add &apos;NO_ERRORS_SCHEMA&apos; to the &apos;@Component.schemas&apos; of this component.
NG0303: Can&apos;t bind to &apos;data-show-selector&apos; since it isn&apos;t a known property of &apos;table&apos; (used in the &apos;BasicInfoComponent2&apos; component template).
1. If &apos;table&apos; is an Angular component and it has the &apos;data-show-selector&apos; input, then verify that it is included in the &apos;@Component.imports&apos; of this component.
2. To allow any property add &apos;NO_ERRORS_SCHEMA&apos; to the &apos;@Component.schemas&apos; of this component.
NG0303: Can&apos;t bind to &apos;data-show-item-count&apos; since it isn&apos;t a known property of &apos;table&apos; (used in the &apos;BasicInfoComponent2&apos; component template).
1. If &apos;table&apos; is an Angular component and it has the &apos;data-show-item-count&apos; input, then verify that it is included in the &apos;@Component.imports&apos; of this component.
2. To allow any property add &apos;NO_ERRORS_SCHEMA&apos; to the &apos;@Component.schemas&apos; of this component.

            </system-err>
        </testcase>
        <testcase classname="src/app/FormStepsComponent/contents/basic-info/basic-info.component.spec.ts" name="BasicInfoComponent &gt; resetRASLock should clear flags and status" time="0.0261819">
            <system-err>
NG0303: Can&apos;t bind to &apos;loadingHost&apos; since it isn&apos;t a known property of &apos;div&apos; (used in the &apos;BasicInfoComponent2&apos; component template).
1. If &apos;div&apos; is an Angular component and it has the &apos;loadingHost&apos; input, then verify that it is included in the &apos;@Component.imports&apos; of this component.
2. To allow any property add &apos;NO_ERRORS_SCHEMA&apos; to the &apos;@Component.schemas&apos; of this component.
NG0303: Can&apos;t bind to &apos;overlay&apos; since it isn&apos;t a known property of &apos;div&apos; (used in the &apos;BasicInfoComponent2&apos; component template).
1. If &apos;div&apos; is an Angular component and it has the &apos;overlay&apos; input, then verify that it is included in the &apos;@Component.imports&apos; of this component.
2. To allow any property add &apos;NO_ERRORS_SCHEMA&apos; to the &apos;@Component.schemas&apos; of this component.
NG0303: Can&apos;t bind to &apos;data-table&apos; since it isn&apos;t a known property of &apos;table&apos; (used in the &apos;BasicInfoComponent2&apos; component template).
1. If &apos;table&apos; is an Angular component and it has the &apos;data-table&apos; input, then verify that it is included in the &apos;@Component.imports&apos; of this component.
2. To allow any property add &apos;NO_ERRORS_SCHEMA&apos; to the &apos;@Component.schemas&apos; of this component.
NG0303: Can&apos;t bind to &apos;data-total&apos; since it isn&apos;t a known property of &apos;table&apos; (used in the &apos;BasicInfoComponent2&apos; component template).
1. If &apos;table&apos; is an Angular component and it has the &apos;data-total&apos; input, then verify that it is included in the &apos;@Component.imports&apos; of this component.
2. To allow any property add &apos;NO_ERRORS_SCHEMA&apos; to the &apos;@Component.schemas&apos; of this component.
NG0303: Can&apos;t bind to &apos;data-page-size&apos; since it isn&apos;t a known property of &apos;table&apos; (used in the &apos;BasicInfoComponent2&apos; component template).
1. If &apos;table&apos; is an Angular component and it has the &apos;data-page-size&apos; input, then verify that it is included in the &apos;@Component.imports&apos; of this component.
2. To allow any property add &apos;NO_ERRORS_SCHEMA&apos; to the &apos;@Component.schemas&apos; of this component.
NG0303: Can&apos;t bind to &apos;data-show-selector&apos; since it isn&apos;t a known property of &apos;table&apos; (used in the &apos;BasicInfoComponent2&apos; component template).
1. If &apos;table&apos; is an Angular component and it has the &apos;data-show-selector&apos; input, then verify that it is included in the &apos;@Component.imports&apos; of this component.
2. To allow any property add &apos;NO_ERRORS_SCHEMA&apos; to the &apos;@Component.schemas&apos; of this component.
NG0303: Can&apos;t bind to &apos;data-show-item-count&apos; since it isn&apos;t a known property of &apos;table&apos; (used in the &apos;BasicInfoComponent2&apos; component template).
1. If &apos;table&apos; is an Angular component and it has the &apos;data-show-item-count&apos; input, then verify that it is included in the &apos;@Component.imports&apos; of this component.
2. To allow any property add &apos;NO_ERRORS_SCHEMA&apos; to the &apos;@Component.schemas&apos; of this component.

            </system-err>
        </testcase>
        <testcase classname="src/app/FormStepsComponent/contents/basic-info/basic-info.component.spec.ts" name="BasicInfoComponent &gt; onBuscar should respect lock and call service" time="0.0254111">
            <system-err>
NG0303: Can&apos;t bind to &apos;loadingHost&apos; since it isn&apos;t a known property of &apos;div&apos; (used in the &apos;BasicInfoComponent2&apos; component template).
1. If &apos;div&apos; is an Angular component and it has the &apos;loadingHost&apos; input, then verify that it is included in the &apos;@Component.imports&apos; of this component.
2. To allow any property add &apos;NO_ERRORS_SCHEMA&apos; to the &apos;@Component.schemas&apos; of this component.
NG0303: Can&apos;t bind to &apos;overlay&apos; since it isn&apos;t a known property of &apos;div&apos; (used in the &apos;BasicInfoComponent2&apos; component template).
1. If &apos;div&apos; is an Angular component and it has the &apos;overlay&apos; input, then verify that it is included in the &apos;@Component.imports&apos; of this component.
2. To allow any property add &apos;NO_ERRORS_SCHEMA&apos; to the &apos;@Component.schemas&apos; of this component.
NG0303: Can&apos;t bind to &apos;data-table&apos; since it isn&apos;t a known property of &apos;table&apos; (used in the &apos;BasicInfoComponent2&apos; component template).
1. If &apos;table&apos; is an Angular component and it has the &apos;data-table&apos; input, then verify that it is included in the &apos;@Component.imports&apos; of this component.
2. To allow any property add &apos;NO_ERRORS_SCHEMA&apos; to the &apos;@Component.schemas&apos; of this component.
NG0303: Can&apos;t bind to &apos;data-total&apos; since it isn&apos;t a known property of &apos;table&apos; (used in the &apos;BasicInfoComponent2&apos; component template).
1. If &apos;table&apos; is an Angular component and it has the &apos;data-total&apos; input, then verify that it is included in the &apos;@Component.imports&apos; of this component.
2. To allow any property add &apos;NO_ERRORS_SCHEMA&apos; to the &apos;@Component.schemas&apos; of this component.
NG0303: Can&apos;t bind to &apos;data-page-size&apos; since it isn&apos;t a known property of &apos;table&apos; (used in the &apos;BasicInfoComponent2&apos; component template).
1. If &apos;table&apos; is an Angular component and it has the &apos;data-page-size&apos; input, then verify that it is included in the &apos;@Component.imports&apos; of this component.
2. To allow any property add &apos;NO_ERRORS_SCHEMA&apos; to the &apos;@Component.schemas&apos; of this component.
NG0303: Can&apos;t bind to &apos;data-show-selector&apos; since it isn&apos;t a known property of &apos;table&apos; (used in the &apos;BasicInfoComponent2&apos; component template).
1. If &apos;table&apos; is an Angular component and it has the &apos;data-show-selector&apos; input, then verify that it is included in the &apos;@Component.imports&apos; of this component.
2. To allow any property add &apos;NO_ERRORS_SCHEMA&apos; to the &apos;@Component.schemas&apos; of this component.
NG0303: Can&apos;t bind to &apos;data-show-item-count&apos; since it isn&apos;t a known property of &apos;table&apos; (used in the &apos;BasicInfoComponent2&apos; component template).
1. If &apos;table&apos; is an Angular component and it has the &apos;data-show-item-count&apos; input, then verify that it is included in the &apos;@Component.imports&apos; of this component.
2. To allow any property add &apos;NO_ERRORS_SCHEMA&apos; to the &apos;@Component.schemas&apos; of this component.

            </system-err>
        </testcase>
        <testcase classname="src/app/FormStepsComponent/contents/basic-info/basic-info.component.spec.ts" name="BasicInfoComponent &gt; onSelect should lock manual and select contract" time="0.0234044">
            <system-err>
NG0303: Can&apos;t bind to &apos;loadingHost&apos; since it isn&apos;t a known property of &apos;div&apos; (used in the &apos;BasicInfoComponent2&apos; component template).
1. If &apos;div&apos; is an Angular component and it has the &apos;loadingHost&apos; input, then verify that it is included in the &apos;@Component.imports&apos; of this component.
2. To allow any property add &apos;NO_ERRORS_SCHEMA&apos; to the &apos;@Component.schemas&apos; of this component.
NG0303: Can&apos;t bind to &apos;overlay&apos; since it isn&apos;t a known property of &apos;div&apos; (used in the &apos;BasicInfoComponent2&apos; component template).
1. If &apos;div&apos; is an Angular component and it has the &apos;overlay&apos; input, then verify that it is included in the &apos;@Component.imports&apos; of this component.
2. To allow any property add &apos;NO_ERRORS_SCHEMA&apos; to the &apos;@Component.schemas&apos; of this component.
NG0303: Can&apos;t bind to &apos;data-table&apos; since it isn&apos;t a known property of &apos;table&apos; (used in the &apos;BasicInfoComponent2&apos; component template).
1. If &apos;table&apos; is an Angular component and it has the &apos;data-table&apos; input, then verify that it is included in the &apos;@Component.imports&apos; of this component.
2. To allow any property add &apos;NO_ERRORS_SCHEMA&apos; to the &apos;@Component.schemas&apos; of this component.
NG0303: Can&apos;t bind to &apos;data-total&apos; since it isn&apos;t a known property of &apos;table&apos; (used in the &apos;BasicInfoComponent2&apos; component template).
1. If &apos;table&apos; is an Angular component and it has the &apos;data-total&apos; input, then verify that it is included in the &apos;@Component.imports&apos; of this component.
2. To allow any property add &apos;NO_ERRORS_SCHEMA&apos; to the &apos;@Component.schemas&apos; of this component.
NG0303: Can&apos;t bind to &apos;data-page-size&apos; since it isn&apos;t a known property of &apos;table&apos; (used in the &apos;BasicInfoComponent2&apos; component template).
1. If &apos;table&apos; is an Angular component and it has the &apos;data-page-size&apos; input, then verify that it is included in the &apos;@Component.imports&apos; of this component.
2. To allow any property add &apos;NO_ERRORS_SCHEMA&apos; to the &apos;@Component.schemas&apos; of this component.
NG0303: Can&apos;t bind to &apos;data-show-selector&apos; since it isn&apos;t a known property of &apos;table&apos; (used in the &apos;BasicInfoComponent2&apos; component template).
1. If &apos;table&apos; is an Angular component and it has the &apos;data-show-selector&apos; input, then verify that it is included in the &apos;@Component.imports&apos; of this component.
2. To allow any property add &apos;NO_ERRORS_SCHEMA&apos; to the &apos;@Component.schemas&apos; of this component.
NG0303: Can&apos;t bind to &apos;data-show-item-count&apos; since it isn&apos;t a known property of &apos;table&apos; (used in the &apos;BasicInfoComponent2&apos; component template).
1. If &apos;table&apos; is an Angular component and it has the &apos;data-show-item-count&apos; input, then verify that it is included in the &apos;@Component.imports&apos; of this component.
2. To allow any property add &apos;NO_ERRORS_SCHEMA&apos; to the &apos;@Component.schemas&apos; of this component.

            </system-err>
        </testcase>
        <testcase classname="src/app/FormStepsComponent/contents/basic-info/basic-info.component.spec.ts" name="BasicInfoComponent &gt; ngOnDestroy should disconnect observer" time="0.0335157">
            <system-err>
NG0303: Can&apos;t bind to &apos;loadingHost&apos; since it isn&apos;t a known property of &apos;div&apos; (used in the &apos;BasicInfoComponent2&apos; component template).
1. If &apos;div&apos; is an Angular component and it has the &apos;loadingHost&apos; input, then verify that it is included in the &apos;@Component.imports&apos; of this component.
2. To allow any property add &apos;NO_ERRORS_SCHEMA&apos; to the &apos;@Component.schemas&apos; of this component.
NG0303: Can&apos;t bind to &apos;overlay&apos; since it isn&apos;t a known property of &apos;div&apos; (used in the &apos;BasicInfoComponent2&apos; component template).
1. If &apos;div&apos; is an Angular component and it has the &apos;overlay&apos; input, then verify that it is included in the &apos;@Component.imports&apos; of this component.
2. To allow any property add &apos;NO_ERRORS_SCHEMA&apos; to the &apos;@Component.schemas&apos; of this component.
NG0303: Can&apos;t bind to &apos;data-table&apos; since it isn&apos;t a known property of &apos;table&apos; (used in the &apos;BasicInfoComponent2&apos; component template).
1. If &apos;table&apos; is an Angular component and it has the &apos;data-table&apos; input, then verify that it is included in the &apos;@Component.imports&apos; of this component.
2. To allow any property add &apos;NO_ERRORS_SCHEMA&apos; to the &apos;@Component.schemas&apos; of this component.
NG0303: Can&apos;t bind to &apos;data-total&apos; since it isn&apos;t a known property of &apos;table&apos; (used in the &apos;BasicInfoComponent2&apos; component template).
1. If &apos;table&apos; is an Angular component and it has the &apos;data-total&apos; input, then verify that it is included in the &apos;@Component.imports&apos; of this component.
2. To allow any property add &apos;NO_ERRORS_SCHEMA&apos; to the &apos;@Component.schemas&apos; of this component.
NG0303: Can&apos;t bind to &apos;data-page-size&apos; since it isn&apos;t a known property of &apos;table&apos; (used in the &apos;BasicInfoComponent2&apos; component template).
1. If &apos;table&apos; is an Angular component and it has the &apos;data-page-size&apos; input, then verify that it is included in the &apos;@Component.imports&apos; of this component.
2. To allow any property add &apos;NO_ERRORS_SCHEMA&apos; to the &apos;@Component.schemas&apos; of this component.
NG0303: Can&apos;t bind to &apos;data-show-selector&apos; since it isn&apos;t a known property of &apos;table&apos; (used in the &apos;BasicInfoComponent2&apos; component template).
1. If &apos;table&apos; is an Angular component and it has the &apos;data-show-selector&apos; input, then verify that it is included in the &apos;@Component.imports&apos; of this component.
2. To allow any property add &apos;NO_ERRORS_SCHEMA&apos; to the &apos;@Component.schemas&apos; of this component.
NG0303: Can&apos;t bind to &apos;data-show-item-count&apos; since it isn&apos;t a known property of &apos;table&apos; (used in the &apos;BasicInfoComponent2&apos; component template).
1. If &apos;table&apos; is an Angular component and it has the &apos;data-show-item-count&apos; input, then verify that it is included in the &apos;@Component.imports&apos; of this component.
2. To allow any property add &apos;NO_ERRORS_SCHEMA&apos; to the &apos;@Component.schemas&apos; of this component.

            </system-err>
        </testcase>
    </testsuite>
    <testsuite name="src/app/FormStepsComponent/contents/basic-info/basic-info.service.spec.ts" timestamp="2025-10-22T17:29:01.933Z" hostname="VDIX-BTG-5365" tests="17" failures="0" errors="0" skipped="0" time="0.095765">
        <testcase classname="src/app/FormStepsComponent/contents/basic-info/basic-info.service.spec.ts" name="BasicInfoService &gt; should be created" time="0.0190403">
        </testcase>
        <testcase classname="src/app/FormStepsComponent/contents/basic-info/basic-info.service.spec.ts" name="BasicInfoService &gt; should initialize with default values" time="0.0053005">
        </testcase>
        <testcase classname="src/app/FormStepsComponent/contents/basic-info/basic-info.service.spec.ts" name="BasicInfoService &gt; should have correct tiposBaixa array" time="0.0032955">
        </testcase>
        <testcase classname="src/app/FormStepsComponent/contents/basic-info/basic-info.service.spec.ts" name="BasicInfoService &gt; searchContratos &gt; should search contratos with correct parameters and update observables" time="0.0072229">
        </testcase>
        <testcase classname="src/app/FormStepsComponent/contents/basic-info/basic-info.service.spec.ts" name="BasicInfoService &gt; searchContratos &gt; should handle loading more data (page &gt; 1) with same filters" time="0.0057117">
        </testcase>
        <testcase classname="src/app/FormStepsComponent/contents/basic-info/basic-info.service.spec.ts" name="BasicInfoService &gt; searchContratos &gt; should reset data when filters change" time="0.0040628">
        </testcase>
        <testcase classname="src/app/FormStepsComponent/contents/basic-info/basic-info.service.spec.ts" name="BasicInfoService &gt; searchContratos &gt; should handle HTTP error and reset data" time="0.0070399">
        </testcase>
        <testcase classname="src/app/FormStepsComponent/contents/basic-info/basic-info.service.spec.ts" name="BasicInfoService &gt; searchContratos &gt; should set loading to true during request" time="0.0052828">
        </testcase>
        <testcase classname="src/app/FormStepsComponent/contents/basic-info/basic-info.service.spec.ts" name="BasicInfoService &gt; searchContratos &gt; should call searchContratos with current filters and new page" time="0.005682">
        </testcase>
        <testcase classname="src/app/FormStepsComponent/contents/basic-info/basic-info.service.spec.ts" name="BasicInfoService &gt; searchContratos &gt; should call searchContratos with current filters, page 1, and new pageSize" time="0.005292">
        </testcase>
        <testcase classname="src/app/FormStepsComponent/contents/basic-info/basic-info.service.spec.ts" name="BasicInfoService &gt; searchContratos &gt; should increment current page and call changePage" time="0.0045195">
        </testcase>
        <testcase classname="src/app/FormStepsComponent/contents/basic-info/basic-info.service.spec.ts" name="BasicInfoService &gt; searchContratos &gt; should return current page value" time="0.0035324">
        </testcase>
        <testcase classname="src/app/FormStepsComponent/contents/basic-info/basic-info.service.spec.ts" name="BasicInfoService &gt; searchContratos &gt; should return default page value when no search has been performed" time="0.0028282">
        </testcase>
        <testcase classname="src/app/FormStepsComponent/contents/basic-info/basic-info.service.spec.ts" name="BasicInfoService &gt; searchContratos &gt; should update filtro signal" time="0.0028158">
        </testcase>
        <testcase classname="src/app/FormStepsComponent/contents/basic-info/basic-info.service.spec.ts" name="BasicInfoService &gt; searchContratos &gt; should update apenasNaoVinculados signal" time="0.0047371">
        </testcase>
        <testcase classname="src/app/FormStepsComponent/contents/basic-info/basic-info.service.spec.ts" name="BasicInfoService &gt; selectContrato &gt; should update selectedContrato observable" time="0.0035086">
        </testcase>
        <testcase classname="src/app/FormStepsComponent/contents/basic-info/basic-info.service.spec.ts" name="BasicInfoService &gt; clearSelection &gt; should clear selectedContrato observable" time="0.0034604">
        </testcase>
    </testsuite>
    <testsuite name="src/app/FormStepsComponent/contents/collateral/collateral.component.spec.ts" timestamp="2025-10-22T17:29:01.937Z" hostname="VDIX-BTG-5365" tests="10" failures="0" errors="0" skipped="0" time="0.2664985">
        <testcase classname="src/app/FormStepsComponent/contents/collateral/collateral.component.spec.ts" name="CollateralComponent &gt; should create component" time="0.1108828">
        </testcase>
        <testcase classname="src/app/FormStepsComponent/contents/collateral/collateral.component.spec.ts" name="CollateralComponent &gt; should open and close add modal" time="0.0150935">
        </testcase>
        <testcase classname="src/app/FormStepsComponent/contents/collateral/collateral.component.spec.ts" name="CollateralComponent &gt; should call addCollateral on onModalSave and close modal" time="0.0156122">
        </testcase>
        <testcase classname="src/app/FormStepsComponent/contents/collateral/collateral.component.spec.ts" name="CollateralComponent &gt; should call removeCollateral on onDelete" time="0.0222829">
        </testcase>
        <testcase classname="src/app/FormStepsComponent/contents/collateral/collateral.component.spec.ts" name="CollateralComponent &gt; should call changePage and changePageSize converting values" time="0.0169598">
        </testcase>
        <testcase classname="src/app/FormStepsComponent/contents/collateral/collateral.component.spec.ts" name="CollateralComponent &gt; should trigger fileInput click on onImport" time="0.015859">
        </testcase>
        <testcase classname="src/app/FormStepsComponent/contents/collateral/collateral.component.spec.ts" name="CollateralComponent &gt; should import file on onFileSelected when file exists" time="0.0193377">
        </testcase>
        <testcase classname="src/app/FormStepsComponent/contents/collateral/collateral.component.spec.ts" name="CollateralComponent &gt; should toggle menu with toggleMenu" time="0.0148107">
        </testcase>
        <testcase classname="src/app/FormStepsComponent/contents/collateral/collateral.component.spec.ts" name="CollateralComponent &gt; should close menu on onDocClick when clicking outside" time="0.015006">
        </testcase>
        <testcase classname="src/app/FormStepsComponent/contents/collateral/collateral.component.spec.ts" name="CollateralComponent &gt; should not close menu on onDocClick when clicking inside" time="0.0185869">
        </testcase>
    </testsuite>
    <testsuite name="src/app/FormStepsComponent/contents/collateral/collateral.service.spec.ts" timestamp="2025-10-22T17:29:01.940Z" hostname="VDIX-BTG-5365" tests="19" failures="0" errors="0" skipped="0" time="0.8010941">
        <testcase classname="src/app/FormStepsComponent/contents/collateral/collateral.service.spec.ts" name="CollateralService &gt; should be created" time="0.0278774">
        </testcase>
        <testcase classname="src/app/FormStepsComponent/contents/collateral/collateral.service.spec.ts" name="CollateralService &gt; should have initial collaterals as empty array" time="0.0052372">
        </testcase>
        <testcase classname="src/app/FormStepsComponent/contents/collateral/collateral.service.spec.ts" name="CollateralService &gt; should have initial page as 1 and pageSize as 12" time="0.0030338">
        </testcase>
        <testcase classname="src/app/FormStepsComponent/contents/collateral/collateral.service.spec.ts" name="CollateralService &gt; should have initial loading as false" time="0.0025549">
        </testcase>
        <testcase classname="src/app/FormStepsComponent/contents/collateral/collateral.service.spec.ts" name="CollateralService &gt; should have initial total as 0" time="0.0044429">
        </testcase>
        <testcase classname="src/app/FormStepsComponent/contents/collateral/collateral.service.spec.ts" name="CollateralService &gt; addCollateral &gt; should add collateral with generated id and default status" time="0.0049932">
        </testcase>
        <testcase classname="src/app/FormStepsComponent/contents/collateral/collateral.service.spec.ts" name="CollateralService &gt; addCollateral &gt; should add collateral with custom status when provided" time="0.0028897">
        </testcase>
        <testcase classname="src/app/FormStepsComponent/contents/collateral/collateral.service.spec.ts" name="CollateralService &gt; addCollateral &gt; should calculate total correctly after adding collaterals" time="0.002549">
        </testcase>
        <testcase classname="src/app/FormStepsComponent/contents/collateral/collateral.service.spec.ts" name="CollateralService &gt; removeCollateral &gt; should remove collateral by id" time="0.0030101">
        </testcase>
        <testcase classname="src/app/FormStepsComponent/contents/collateral/collateral.service.spec.ts" name="CollateralService &gt; removeCollateral &gt; should not affect other collaterals when removing specific id" time="0.0027264">
        </testcase>
        <testcase classname="src/app/FormStepsComponent/contents/collateral/collateral.service.spec.ts" name="CollateralService &gt; pagination &gt; should change page" time="0.0021982">
        </testcase>
        <testcase classname="src/app/FormStepsComponent/contents/collateral/collateral.service.spec.ts" name="CollateralService &gt; pagination &gt; should change page size and reset page to 1" time="0.0021369">
        </testcase>
        <testcase classname="src/app/FormStepsComponent/contents/collateral/collateral.service.spec.ts" name="CollateralService &gt; pagination &gt; should return correct paged collaterals" time="0.0095249">
        </testcase>
        <testcase classname="src/app/FormStepsComponent/contents/collateral/collateral.service.spec.ts" name="CollateralService &gt; loading state &gt; should start loading" time="0.0025024">
        </testcase>
        <testcase classname="src/app/FormStepsComponent/contents/collateral/collateral.service.spec.ts" name="CollateralService &gt; loading state &gt; should stop loading" time="0.0038754">
        </testcase>
        <testcase classname="src/app/FormStepsComponent/contents/collateral/collateral.service.spec.ts" name="CollateralService &gt; importFile &gt; should start loading when importing file" time="0.0059323">
        </testcase>
        <testcase classname="src/app/FormStepsComponent/contents/collateral/collateral.service.spec.ts" name="CollateralService &gt; importFile &gt; should stop loading after timeout" time="0.7084462">
        </testcase>
        <testcase classname="src/app/FormStepsComponent/contents/collateral/collateral.service.spec.ts" name="CollateralService &gt; edge cases &gt; should handle collaterals with zero or undefined values in total calculation" time="0.0025692">
        </testcase>
        <testcase classname="src/app/FormStepsComponent/contents/collateral/collateral.service.spec.ts" name="CollateralService &gt; edge cases &gt; should handle removing non-existent id gracefully" time="0.0023056">
        </testcase>
    </testsuite>
    <testsuite name="src/app/FormStepsComponent/contents/basic-info/services/get-deal-ras.service.spec.ts" timestamp="2025-10-22T17:29:01.945Z" hostname="VDIX-BTG-5365" tests="12" failures="0" errors="0" skipped="0" time="0.0628518">
        <testcase classname="src/app/FormStepsComponent/contents/basic-info/services/get-deal-ras.service.spec.ts" name="GetDealRasService &gt; should be created" time="0.0177187">
        </testcase>
        <testcase classname="src/app/FormStepsComponent/contents/basic-info/services/get-deal-ras.service.spec.ts" name="GetDealRasService &gt; getDealRas &gt; should make GET request with correct URL for string dealRAS" time="0.0072579">
        </testcase>
        <testcase classname="src/app/FormStepsComponent/contents/basic-info/services/get-deal-ras.service.spec.ts" name="GetDealRasService &gt; getDealRas &gt; should make GET request with correct URL for number dealRAS" time="0.0041436">
        </testcase>
        <testcase classname="src/app/FormStepsComponent/contents/basic-info/services/get-deal-ras.service.spec.ts" name="GetDealRasService &gt; getDealRas &gt; should trim whitespace from string dealRAS" time="0.0051012">
        </testcase>
        <testcase classname="src/app/FormStepsComponent/contents/basic-info/services/get-deal-ras.service.spec.ts" name="GetDealRasService &gt; getDealRas &gt; should map DealRas response to DealRasResponse with status from DealStatus.Description" time="0.0060791">
        </testcase>
        <testcase classname="src/app/FormStepsComponent/contents/basic-info/services/get-deal-ras.service.spec.ts" name="GetDealRasService &gt; getDealRas &gt; should use &quot;OK&quot; as default status when DealStatus.Description is null" time="0.0036613">
        </testcase>
        <testcase classname="src/app/FormStepsComponent/contents/basic-info/services/get-deal-ras.service.spec.ts" name="GetDealRasService &gt; getDealRas &gt; should use &quot;OK&quot; as default status when DealStatus.Description is undefined" time="0.0027562">
        </testcase>
        <testcase classname="src/app/FormStepsComponent/contents/basic-info/services/get-deal-ras.service.spec.ts" name="GetDealRasService &gt; getDealRas &gt; should use &quot;OK&quot; as default status when DealStatus is null" time="0.0026602">
        </testcase>
        <testcase classname="src/app/FormStepsComponent/contents/basic-info/services/get-deal-ras.service.spec.ts" name="GetDealRasService &gt; getDealRas &gt; should use &quot;OK&quot; as default status when DealStatus is undefined" time="0.002747">
        </testcase>
        <testcase classname="src/app/FormStepsComponent/contents/basic-info/services/get-deal-ras.service.spec.ts" name="GetDealRasService &gt; getDealRas &gt; should handle special characters in dealRAS by encoding them" time="0.0026573">
        </testcase>
        <testcase classname="src/app/FormStepsComponent/contents/basic-info/services/get-deal-ras.service.spec.ts" name="GetDealRasService &gt; getDealRas &gt; should preserve all original DealRas properties in the response" time="0.0033072">
        </testcase>
        <testcase classname="src/app/FormStepsComponent/contents/basic-info/services/get-deal-ras.service.spec.ts" name="GetDealRasService &gt; getDealRas &gt; should handle HTTP error responses" time="0.003065">
        </testcase>
    </testsuite>
    <testsuite name="src/app/FormStepsComponent/contents/collateral/modal/collateral-add-modal.component.spec.ts" timestamp="2025-10-22T17:29:01.947Z" hostname="VDIX-BTG-5365" tests="13" failures="0" errors="0" skipped="0" time="0.4401986">
        <testcase classname="src/app/FormStepsComponent/contents/collateral/modal/collateral-add-modal.component.spec.ts" name="CollateralAddModalComponent &gt; should create component" time="0.1696209">
        </testcase>
        <testcase classname="src/app/FormStepsComponent/contents/collateral/modal/collateral-add-modal.component.spec.ts" name="CollateralAddModalComponent &gt; should initialize form with default values" time="0.026988">
        </testcase>
        <testcase classname="src/app/FormStepsComponent/contents/collateral/modal/collateral-add-modal.component.spec.ts" name="CollateralAddModalComponent &gt; should validate required fields" time="0.0195192">
        </testcase>
        <testcase classname="src/app/FormStepsComponent/contents/collateral/modal/collateral-add-modal.component.spec.ts" name="CollateralAddModalComponent &gt; should emit closed and reset form on onClose" time="0.0247602">
        </testcase>
        <testcase classname="src/app/FormStepsComponent/contents/collateral/modal/collateral-add-modal.component.spec.ts" name="CollateralAddModalComponent &gt; should not save when form is invalid" time="0.0202003">
        </testcase>
        <testcase classname="src/app/FormStepsComponent/contents/collateral/modal/collateral-add-modal.component.spec.ts" name="CollateralAddModalComponent &gt; should emit save with correct payload when form is valid" time="0.0243235">
        </testcase>
        <testcase classname="src/app/FormStepsComponent/contents/collateral/modal/collateral-add-modal.component.spec.ts" name="CollateralAddModalComponent &gt; should handle null/undefined values on onSave" time="0.0216459">
        </testcase>
        <testcase classname="src/app/FormStepsComponent/contents/collateral/modal/collateral-add-modal.component.spec.ts" name="CollateralAddModalComponent &gt; should accept collateralTypes as input" time="0.0181162">
        </testcase>
        <testcase classname="src/app/FormStepsComponent/contents/collateral/modal/collateral-add-modal.component.spec.ts" name="CollateralAddModalComponent &gt; should accept open as input" time="0.0251043">
        </testcase>
        <testcase classname="src/app/FormStepsComponent/contents/collateral/modal/collateral-add-modal.component.spec.ts" name="CollateralAddModalComponent &gt; should convert string values to number on onSave" time="0.0194438">
        </testcase>
        <testcase classname="src/app/FormStepsComponent/contents/collateral/modal/collateral-add-modal.component.spec.ts" name="CollateralAddModalComponent &gt; should convert linked to boolean on onSave" time="0.0206677">
        </testcase>
        <testcase classname="src/app/FormStepsComponent/contents/collateral/modal/collateral-add-modal.component.spec.ts" name="CollateralAddModalComponent &gt; should handle type as string on onSave" time="0.0238905">
        </testcase>
        <testcase classname="src/app/FormStepsComponent/contents/collateral/modal/collateral-add-modal.component.spec.ts" name="CollateralAddModalComponent &gt; should test all fields with null/undefined values" time="0.0220243">
        </testcase>
    </testsuite>
</testsuites>
