<?xml version="1.0" encoding="UTF-8" ?>
<testsuites name="Unit Tests" tests="28" failures="0" errors="0" time="0.1180384">
    <testsuite name="src/app/stepper/stepper.service.spec.ts" timestamp="2025-10-22T14:23:47.448Z" hostname="dingolandia" tests="28" failures="0" errors="0" skipped="0" time="0.1180384">
        <testcase classname="src/app/stepper/stepper.service.spec.ts" name="StepperService &gt; registers steps and maps aliases correctly" time="0.0279201">
        </testcase>
        <testcase classname="src/app/stepper/stepper.service.spec.ts" name="StepperService &gt; throws error when registering duplicate alias" time="0.0052859">
        </testcase>
        <testcase classname="src/app/stepper/stepper.service.spec.ts" name="StepperService &gt; navigates with goTo and updates statuses (jump applies synthetic error)" time="0.0043896">
        </testcase>
        <testcase classname="src/app/stepper/stepper.service.spec.ts" name="StepperService &gt; prev/next respect boundaries and return boolean" time="0.0037222">
        </testcase>
        <testcase classname="src/app/stepper/stepper.service.spec.ts" name="StepperService &gt; setStatus by index and alias" time="0.0030659">
        </testcase>
        <testcase classname="src/app/stepper/stepper.service.spec.ts" name="StepperService &gt; reset controls visited, statuses and data" time="0.0043245">
        </testcase>
        <testcase classname="src/app/stepper/stepper.service.spec.ts" name="StepperService &gt; linear and debug signals can be configured" time="0.0029501">
        </testcase>
        <testcase classname="src/app/stepper/stepper.service.spec.ts" name="StepperService &gt; setLinear and setDebug update signals" time="0.0032865">
        </testcase>
        <testcase classname="src/app/stepper/stepper.service.spec.ts" name="StepperService &gt; blocks navigation when canExit returns false" time="0.0032151">
        </testcase>
        <testcase classname="src/app/stepper/stepper.service.spec.ts" name="StepperService &gt; proceeds navigation when canExit throws error" time="0.0027339">
        </testcase>
        <testcase classname="src/app/stepper/stepper.service.spec.ts" name="StepperService &gt; updates existing record with registerStep again" time="0.002673">
        </testcase>
        <testcase classname="src/app/stepper/stepper.service.spec.ts" name="StepperService &gt; registerStep update covers overrides for icons, titles and tooltips" time="0.0028708">
        </testcase>
        <testcase classname="src/app/stepper/stepper.service.spec.ts" name="StepperService &gt; unregisterStep removes step and adjusts currentIndex" time="0.0025212">
        </testcase>
        <testcase classname="src/app/stepper/stepper.service.spec.ts" name="StepperService &gt; jumping marks visited step as finished (even with canExit)" time="0.0028535">
        </testcase>
        <testcase classname="src/app/stepper/stepper.service.spec.ts" name="StepperService &gt; reset with keepData preserves or clears data" time="0.0031146">
        </testcase>
        <testcase classname="src/app/stepper/stepper.service.spec.ts" name="StepperService &gt; visiting synthetic error with canExit keeps error and traverses branch" time="0.0029294">
        </testcase>
        <testcase classname="src/app/stepper/stepper.service.spec.ts" name="StepperService &gt; synthetic error is removed after visiting and does not block again" time="0.0025777">
        </testcase>
        <testcase classname="src/app/stepper/stepper.service.spec.ts" name="StepperService &gt; debug logging covers canExit returning false and thrown error" time="0.002643">
        </testcase>
        <testcase classname="src/app/stepper/stepper.service.spec.ts" name="StepperService &gt; logData prints saved payload without throwing" time="0.0026119">
        </testcase>
        <testcase classname="src/app/stepper/stepper.service.spec.ts" name="StepperService &gt; navigating back finishes current step" time="0.0028961">
        </testcase>
        <testcase classname="src/app/stepper/stepper.service.spec.ts" name="StepperService &gt; invalid goTo returns false and does not change index" time="0.0027247">
        </testcase>
        <testcase classname="src/app/stepper/stepper.service.spec.ts" name="StepperService &gt; setStatus by alias updates status correctly" time="0.0024461">
        </testcase>
        <testcase classname="src/app/stepper/stepper.service.spec.ts" name="StepperService &gt; effect in constructor runs when currentIndex or stepCount changes" time="0.0079414">
        </testcase>
        <testcase classname="src/app/stepper/stepper.service.spec.ts" name="StepperService &gt; covers effect constructor logic for setting pending status on non-current steps" time="0.0030051">
        </testcase>
        <testcase classname="src/app/stepper/stepper.service.spec.ts" name="StepperService &gt; covers currentIndex adjustment when removing step at current position" time="0.0028121">
        </testcase>
        <testcase classname="src/app/stepper/stepper.service.spec.ts" name="StepperService &gt; covers effect logic when steps have existing statuses" time="0.0031219">
        </testcase>
        <testcase classname="src/app/stepper/stepper.service.spec.ts" name="StepperService &gt; covers currentIndex adjustment edge cases" time="0.0027083">
        </testcase>
        <testcase classname="src/app/stepper/stepper.service.spec.ts" name="StepperService &gt; tests if currentIndex adjustment in registerStep is ever needed" time="0.002506">
        </testcase>
    </testsuite>
</testsuites>
